2024-09-10 09:58:36.464 [08] - INFO: ### ------------------------------------ Session Start Procedure ------------------------------------- ###
2024-09-10 09:58:36.464 [08] - INFO: Initializing new session...
2024-09-10 09:58:36.464 [08] - INFO:  -> Client-ID: 92673bad-7f49-4f47-9d33-c06c92df5e04
2024-09-10 09:58:36.464 [08] - INFO:  -> Runtime-ID: 79a1b8a9-dcc8-4868-945e-9b0c3c9d1e2c
2024-09-10 09:58:36.464 [08] - INFO:  -> Session-ID: c675329d-766e-4dc6-80d6-212e15f93b1a
2024-09-10 09:58:36.464 [08] - INFO: Stopping auto-restore mechanism...
2024-09-10 09:58:36.464 [08] - INFO: [AutoRestoreMechanism] Auto-restore mechanism is not running.
2024-09-10 09:58:36.464 [08] - INFO: Closing service event from previous session...
2024-09-10 09:58:36.464 [08] - INFO: Service event successfully closed.
2024-09-10 09:58:36.464 [08] - INFO: Attempting to create new service event...
2024-09-10 09:58:36.464 [08] - INFO: Service event successfully created.
2024-09-10 09:58:36.464 [08] - INFO: Attempting to perform lockdown (feature configuration group: 9b5d5eea-9f56-4560-acd2-42137f831db0)...
2024-09-10 09:58:36.464 [08] - DEBUG: [FeatureConfigurationBackup] No backup data found under 'C:\Windows\system32\config\systemprofile\AppData\Local\SafeExamBrowser\Backup.bin'.
2024-09-10 09:58:36.464 [08] - DEBUG: [FeatureConfigurationBackup] Attempting to save backup data to 'C:\Windows\system32\config\systemprofile\AppData\Local\SafeExamBrowser\Backup.bin'...
2024-09-10 09:58:36.464 [08] - DEBUG: [FeatureConfigurationBackup] Successfully saved 1 items.
2024-09-10 09:58:36.464 [08] - INFO: [FeatureConfigurationBackup] Successfully added ChangePasswordConfiguration (4542f4b2-e1dc-42e9-afab-1cc95e8b2010) for user 'sowmya' to backup.
2024-09-10 09:58:36.464 [08] - DEBUG: [ChangePasswordConfiguration] Successfully set registry item 'HKEY_USERS\S-1-5-21-3404067106-2542481067-2947906702-1002\Software\Microsoft\Windows\CurrentVersion\Policies\System\DisableChangePassword' => '1'.
2024-09-10 09:58:36.464 [08] - INFO: [ChangePasswordConfiguration] Successfully disabled feature.
2024-09-10 09:58:36.464 [08] - DEBUG: [FeatureConfigurationBackup] Attempting to load backup data from 'C:\Windows\system32\config\systemprofile\AppData\Local\SafeExamBrowser\Backup.bin'...
2024-09-10 09:58:36.464 [08] - DEBUG: [FeatureConfigurationBackup] Backup data successfully loaded, found 1 items.
2024-09-10 09:58:36.479 [08] - DEBUG: [FeatureConfigurationBackup] Attempting to save backup data to 'C:\Windows\system32\config\systemprofile\AppData\Local\SafeExamBrowser\Backup.bin'...
2024-09-10 09:58:36.479 [08] - DEBUG: [FeatureConfigurationBackup] Successfully saved 2 items.
2024-09-10 09:58:36.479 [08] - INFO: [FeatureConfigurationBackup] Successfully added ChromeNotificationConfiguration (7eb95094-e99e-4bc4-b4f1-e150d9da618e) for user 'sowmya' to backup.
2024-09-10 09:58:36.479 [08] - DEBUG: [ChromeNotificationConfiguration] Successfully set registry item 'HKEY_USERS\S-1-5-21-3404067106-2542481067-2947906702-1002\Software\Policies\Google\Chrome\DefaultNotificationsSetting' => '2'.
2024-09-10 09:58:36.482 [08] - INFO: [ChromeNotificationConfiguration] Successfully disabled feature.
2024-09-10 09:58:36.482 [08] - DEBUG: [FeatureConfigurationBackup] Attempting to load backup data from 'C:\Windows\system32\config\systemprofile\AppData\Local\SafeExamBrowser\Backup.bin'...
2024-09-10 09:58:36.482 [08] - DEBUG: [FeatureConfigurationBackup] Backup data successfully loaded, found 2 items.
2024-09-10 09:58:36.482 [08] - DEBUG: [FeatureConfigurationBackup] Attempting to save backup data to 'C:\Windows\system32\config\systemprofile\AppData\Local\SafeExamBrowser\Backup.bin'...
2024-09-10 09:58:36.482 [08] - DEBUG: [FeatureConfigurationBackup] Successfully saved 3 items.
2024-09-10 09:58:36.482 [08] - INFO: [FeatureConfigurationBackup] Successfully added EaseOfAccessConfiguration (e6021f7b-b393-4b85-8cc6-eb271375b4a8) to backup.
2024-09-10 09:58:36.482 [08] - DEBUG: [EaseOfAccessConfiguration] Successfully set registry item 'HKEY_LOCAL_MACHINE\Software\Microsoft\Windows NT\CurrentVersion\Image File Execution Options\Utilman.exe\Debugger' => 'SebDummy.exe'.
2024-09-10 09:58:36.482 [08] - INFO: [EaseOfAccessConfiguration] Successfully disabled feature.
2024-09-10 09:58:36.482 [08] - DEBUG: [FeatureConfigurationBackup] Attempting to load backup data from 'C:\Windows\system32\config\systemprofile\AppData\Local\SafeExamBrowser\Backup.bin'...
2024-09-10 09:58:36.482 [08] - DEBUG: [FeatureConfigurationBackup] Backup data successfully loaded, found 3 items.
2024-09-10 09:58:36.482 [08] - DEBUG: [FeatureConfigurationBackup] Attempting to save backup data to 'C:\Windows\system32\config\systemprofile\AppData\Local\SafeExamBrowser\Backup.bin'...
2024-09-10 09:58:36.482 [08] - DEBUG: [FeatureConfigurationBackup] Successfully saved 4 items.
2024-09-10 09:58:36.482 [08] - INFO: [FeatureConfigurationBackup] Successfully added FindPrinterConfiguration (fefb00f3-3e7c-4db3-8d8b-6b694e3bcad0) for user 'sowmya' to backup.
2024-09-10 09:58:36.482 [08] - DEBUG: [FindPrinterConfiguration] Successfully set registry item 'HKEY_USERS\S-1-5-21-3404067106-2542481067-2947906702-1002\Software\Microsoft\Windows\CurrentVersion\Policies\Explorer\NoAddPrinter' => '1'.
2024-09-10 09:58:36.482 [08] - INFO: [FindPrinterConfiguration] Successfully disabled feature.
2024-09-10 09:58:36.482 [08] - DEBUG: [FeatureConfigurationBackup] Attempting to load backup data from 'C:\Windows\system32\config\systemprofile\AppData\Local\SafeExamBrowser\Backup.bin'...
2024-09-10 09:58:36.482 [08] - DEBUG: [FeatureConfigurationBackup] Backup data successfully loaded, found 4 items.
2024-09-10 09:58:36.482 [08] - DEBUG: [FeatureConfigurationBackup] Attempting to save backup data to 'C:\Windows\system32\config\systemprofile\AppData\Local\SafeExamBrowser\Backup.bin'...
2024-09-10 09:58:36.482 [08] - DEBUG: [FeatureConfigurationBackup] Successfully saved 5 items.
2024-09-10 09:58:36.482 [08] - INFO: [FeatureConfigurationBackup] Successfully added LockWorkstationConfiguration (113f95ae-8d04-40f6-ae42-3a3f8c6f4706) for user 'sowmya' to backup.
2024-09-10 09:58:36.496 [08] - DEBUG: [LockWorkstationConfiguration] Successfully set registry item 'HKEY_USERS\S-1-5-21-3404067106-2542481067-2947906702-1002\Software\Microsoft\Windows\CurrentVersion\Policies\System\DisableLockWorkstation' => '1'.
2024-09-10 09:58:36.496 [08] - INFO: [LockWorkstationConfiguration] Successfully disabled feature.
2024-09-10 09:58:36.496 [08] - DEBUG: [FeatureConfigurationBackup] Attempting to load backup data from 'C:\Windows\system32\config\systemprofile\AppData\Local\SafeExamBrowser\Backup.bin'...
2024-09-10 09:58:36.496 [08] - DEBUG: [FeatureConfigurationBackup] Backup data successfully loaded, found 5 items.
2024-09-10 09:58:36.496 [08] - DEBUG: [FeatureConfigurationBackup] Attempting to save backup data to 'C:\Windows\system32\config\systemprofile\AppData\Local\SafeExamBrowser\Backup.bin'...
2024-09-10 09:58:36.496 [08] - DEBUG: [FeatureConfigurationBackup] Successfully saved 6 items.
2024-09-10 09:58:36.496 [08] - INFO: [FeatureConfigurationBackup] Successfully added MachinePowerOptionsConfiguration (77033ba2-9534-4da2-be75-0973485c8591) to backup.
2024-09-10 09:58:36.496 [08] - DEBUG: [MachinePowerOptionsConfiguration] Successfully set registry item 'HKEY_LOCAL_MACHINE\Software\Microsoft\Windows\CurrentVersion\Policies\Explorer\NoClose' => '1'.
2024-09-10 09:58:36.496 [08] - INFO: [MachinePowerOptionsConfiguration] Successfully disabled feature.
2024-09-10 09:58:36.496 [08] - DEBUG: [FeatureConfigurationBackup] Attempting to load backup data from 'C:\Windows\system32\config\systemprofile\AppData\Local\SafeExamBrowser\Backup.bin'...
2024-09-10 09:58:36.496 [08] - DEBUG: [FeatureConfigurationBackup] Backup data successfully loaded, found 6 items.
2024-09-10 09:58:36.496 [08] - DEBUG: [FeatureConfigurationBackup] Attempting to save backup data to 'C:\Windows\system32\config\systemprofile\AppData\Local\SafeExamBrowser\Backup.bin'...
2024-09-10 09:58:36.496 [08] - DEBUG: [FeatureConfigurationBackup] Successfully saved 7 items.
2024-09-10 09:58:36.496 [08] - INFO: [FeatureConfigurationBackup] Successfully added NetworkOptionsConfiguration (fe64d49c-a8b2-467c-9ccc-436fdb84714e) to backup.
2024-09-10 09:58:36.496 [08] - DEBUG: [NetworkOptionsConfiguration] Successfully set registry item 'HKEY_LOCAL_MACHINE\SOFTWARE\Policies\Microsoft\Windows\System\DontDisplayNetworkSelectionUI' => '1'.
2024-09-10 09:58:36.496 [08] - INFO: [NetworkOptionsConfiguration] Successfully disabled feature.
2024-09-10 09:58:36.496 [08] - DEBUG: [FeatureConfigurationBackup] Attempting to load backup data from 'C:\Windows\system32\config\systemprofile\AppData\Local\SafeExamBrowser\Backup.bin'...
2024-09-10 09:58:36.506 [08] - DEBUG: [FeatureConfigurationBackup] Backup data successfully loaded, found 7 items.
2024-09-10 09:58:36.506 [08] - DEBUG: [FeatureConfigurationBackup] Attempting to save backup data to 'C:\Windows\system32\config\systemprofile\AppData\Local\SafeExamBrowser\Backup.bin'...
2024-09-10 09:58:36.506 [08] - DEBUG: [FeatureConfigurationBackup] Successfully saved 8 items.
2024-09-10 09:58:36.506 [08] - INFO: [FeatureConfigurationBackup] Successfully added RemoteConnectionConfiguration (97308d1f-f39b-4c8f-b9d9-a0ecad23cf94) to backup.
2024-09-10 09:58:36.506 [08] - DEBUG: [RemoteConnectionConfiguration] Successfully set registry item 'HKEY_LOCAL_MACHINE\SYSTEM\CurrentControlSet\Control\Terminal Server\fDenyTSConnections' => '1'.
2024-09-10 09:58:36.506 [08] - INFO: [RemoteConnectionConfiguration] Successfully disabled feature.
2024-09-10 09:58:36.506 [08] - DEBUG: [FeatureConfigurationBackup] Attempting to load backup data from 'C:\Windows\system32\config\systemprofile\AppData\Local\SafeExamBrowser\Backup.bin'...
2024-09-10 09:58:36.506 [08] - DEBUG: [FeatureConfigurationBackup] Backup data successfully loaded, found 8 items.
2024-09-10 09:58:36.506 [08] - DEBUG: [FeatureConfigurationBackup] Attempting to save backup data to 'C:\Windows\system32\config\systemprofile\AppData\Local\SafeExamBrowser\Backup.bin'...
2024-09-10 09:58:36.512 [08] - DEBUG: [FeatureConfigurationBackup] Successfully saved 9 items.
2024-09-10 09:58:36.512 [08] - INFO: [FeatureConfigurationBackup] Successfully added SignoutConfiguration (3752c516-f9af-495a-a150-411513a1b0fd) for user 'sowmya' to backup.
2024-09-10 09:58:36.512 [08] - DEBUG: [SignoutConfiguration] Successfully set registry item 'HKEY_USERS\S-1-5-21-3404067106-2542481067-2947906702-1002\Software\Microsoft\Windows\CurrentVersion\Policies\Explorer\NoLogoff' => '1'.
2024-09-10 09:58:36.512 [08] - INFO: [SignoutConfiguration] Successfully disabled feature.
2024-09-10 09:58:36.512 [08] - DEBUG: [FeatureConfigurationBackup] Attempting to load backup data from 'C:\Windows\system32\config\systemprofile\AppData\Local\SafeExamBrowser\Backup.bin'...
2024-09-10 09:58:36.512 [08] - DEBUG: [FeatureConfigurationBackup] Backup data successfully loaded, found 9 items.
2024-09-10 09:58:36.512 [08] - DEBUG: [FeatureConfigurationBackup] Attempting to save backup data to 'C:\Windows\system32\config\systemprofile\AppData\Local\SafeExamBrowser\Backup.bin'...
2024-09-10 09:58:36.512 [08] - DEBUG: [FeatureConfigurationBackup] Successfully saved 10 items.
2024-09-10 09:58:36.512 [08] - INFO: [FeatureConfigurationBackup] Successfully added SwitchUserConfiguration (e9c279f9-9545-430f-a255-c8e3d204c762) to backup.
2024-09-10 09:58:36.512 [08] - DEBUG: [SwitchUserConfiguration] Successfully set registry item 'HKEY_LOCAL_MACHINE\Software\Microsoft\Windows\CurrentVersion\Policies\System\HideFastUserSwitching' => '1'.
2024-09-10 09:58:36.512 [08] - INFO: [SwitchUserConfiguration] Successfully disabled feature.
2024-09-10 09:58:36.521 [08] - DEBUG: [FeatureConfigurationBackup] Attempting to load backup data from 'C:\Windows\system32\config\systemprofile\AppData\Local\SafeExamBrowser\Backup.bin'...
2024-09-10 09:58:36.521 [08] - DEBUG: [FeatureConfigurationBackup] Backup data successfully loaded, found 10 items.
2024-09-10 09:58:36.521 [08] - DEBUG: [FeatureConfigurationBackup] Attempting to save backup data to 'C:\Windows\system32\config\systemprofile\AppData\Local\SafeExamBrowser\Backup.bin'...
2024-09-10 09:58:36.521 [08] - DEBUG: [FeatureConfigurationBackup] Successfully saved 11 items.
2024-09-10 09:58:36.521 [08] - INFO: [FeatureConfigurationBackup] Successfully added TaskManagerConfiguration (62a12df0-14f7-43a8-ac4a-7525af087cdd) for user 'sowmya' to backup.
2024-09-10 09:58:36.521 [08] - DEBUG: [TaskManagerConfiguration] Successfully set registry item 'HKEY_USERS\S-1-5-21-3404067106-2542481067-2947906702-1002\Software\Microsoft\Windows\CurrentVersion\Policies\System\DisableTaskMgr' => '1'.
2024-09-10 09:58:36.527 [08] - INFO: [TaskManagerConfiguration] Successfully disabled feature.
2024-09-10 09:58:36.527 [08] - DEBUG: [FeatureConfigurationBackup] Attempting to load backup data from 'C:\Windows\system32\config\systemprofile\AppData\Local\SafeExamBrowser\Backup.bin'...
2024-09-10 09:58:36.527 [08] - DEBUG: [FeatureConfigurationBackup] Backup data successfully loaded, found 11 items.
2024-09-10 09:58:36.527 [08] - DEBUG: [FeatureConfigurationBackup] Attempting to save backup data to 'C:\Windows\system32\config\systemprofile\AppData\Local\SafeExamBrowser\Backup.bin'...
2024-09-10 09:58:36.527 [08] - DEBUG: [FeatureConfigurationBackup] Successfully saved 12 items.
2024-09-10 09:58:36.527 [08] - INFO: [FeatureConfigurationBackup] Successfully added UserPowerOptionsConfiguration (d60dff90-d946-4b77-85cd-cf0f697f6f68) for user 'sowmya' to backup.
2024-09-10 09:58:36.527 [08] - DEBUG: [UserPowerOptionsConfiguration] Successfully set registry item 'HKEY_USERS\S-1-5-21-3404067106-2542481067-2947906702-1002\Software\Microsoft\Windows\CurrentVersion\Policies\Explorer\NoClose' => '1'.
2024-09-10 09:58:36.527 [08] - INFO: [UserPowerOptionsConfiguration] Successfully disabled feature.
2024-09-10 09:58:36.527 [08] - DEBUG: [FeatureConfigurationBackup] Attempting to load backup data from 'C:\Windows\system32\config\systemprofile\AppData\Local\SafeExamBrowser\Backup.bin'...
2024-09-10 09:58:36.527 [08] - DEBUG: [FeatureConfigurationBackup] Backup data successfully loaded, found 12 items.
2024-09-10 09:58:36.527 [08] - DEBUG: [FeatureConfigurationBackup] Attempting to save backup data to 'C:\Windows\system32\config\systemprofile\AppData\Local\SafeExamBrowser\Backup.bin'...
2024-09-10 09:58:36.527 [08] - DEBUG: [FeatureConfigurationBackup] Successfully saved 13 items.
2024-09-10 09:58:36.527 [08] - INFO: [FeatureConfigurationBackup] Successfully added WindowsUpdateConfiguration (49b678ea-8de3-4adb-8373-5737f91c73e2) to backup.
2024-09-10 09:58:36.527 [08] - DEBUG: [WindowsUpdateConfiguration] Attempt 1/5 to set service 'wuauserv' => 'stopped'...
2024-09-10 09:58:37.804 [08] - DEBUG: [WindowsUpdateConfiguration] Successfully set service 'wuauserv' => 'stopped'.
2024-09-10 09:58:37.804 [08] - INFO: [WindowsUpdateConfiguration] Successfully disabled feature.
2024-09-10 09:58:37.804 [08] - INFO: [FeatureConfigurationMonitor] Started monitoring.
2024-09-10 09:58:37.804 [08] - INFO: Lockdown successful.
2024-09-10 09:58:37.804 [08] - INFO: Successfully informed runtime about new session activation.
2024-09-10 09:58:37.804 [08] - INFO: ### ---------------------------------------- Session Running ----------------------------------------- ###
2024-09-10 09:58:37.804 [15] - DEBUG: [FeatureConfigurationMonitor] Checking 13 configurations...
2024-09-10 09:58:38.815 [16] - DEBUG: [FeatureConfigurationMonitor] Checking 13 configurations...
2024-09-10 09:58:39.826 [15] - DEBUG: [FeatureConfigurationMonitor] Checking 13 configurations...
2024-09-10 09:58:40.830 [08] - DEBUG: [FeatureConfigurationMonitor] Checking 13 configurations...
2024-09-10 09:58:41.837 [16] - DEBUG: [FeatureConfigurationMonitor] Checking 13 configurations...
2024-09-10 09:58:42.841 [15] - DEBUG: [FeatureConfigurationMonitor] Checking 13 configurations...
2024-09-10 09:58:43.855 [08] - DEBUG: [FeatureConfigurationMonitor] Checking 13 configurations...
2024-09-10 09:58:44.865 [15] - DEBUG: [FeatureConfigurationMonitor] Checking 13 configurations...
2024-09-10 09:58:45.880 [08] - DEBUG: [FeatureConfigurationMonitor] Checking 13 configurations...
2024-09-10 09:58:46.885 [16] - DEBUG: [FeatureConfigurationMonitor] Checking 13 configurations...
2024-09-10 09:58:47.898 [15] - DEBUG: [FeatureConfigurationMonitor] Checking 13 configurations...
2024-09-10 09:58:48.908 [08] - DEBUG: [FeatureConfigurationMonitor] Checking 13 configurations...
2024-09-10 09:58:49.912 [16] - DEBUG: [FeatureConfigurationMonitor] Checking 13 configurations...
2024-09-10 09:58:50.925 [15] - DEBUG: [FeatureConfigurationMonitor] Checking 13 configurations...
2024-09-10 09:58:51.936 [16] - DEBUG: [FeatureConfigurationMonitor] Checking 13 configurations...
2024-09-10 09:58:52.942 [15] - DEBUG: [FeatureConfigurationMonitor] Checking 13 configurations...
2024-09-10 09:58:53.959 [16] - DEBUG: [FeatureConfigurationMonitor] Checking 13 configurations...
2024-09-10 09:58:54.975 [08] - DEBUG: [FeatureConfigurationMonitor] Checking 13 configurations...
2024-09-10 09:58:55.991 [16] - DEBUG: [FeatureConfigurationMonitor] Checking 13 configurations...
2024-09-10 09:58:57.004 [08] - DEBUG: [FeatureConfigurationMonitor] Checking 13 configurations...
2024-09-10 09:58:58.016 [15] - DEBUG: [FeatureConfigurationMonitor] Checking 13 configurations...
2024-09-10 09:58:59.032 [08] - DEBUG: [FeatureConfigurationMonitor] Checking 13 configurations...
2024-09-10 09:59:00.047 [15] - DEBUG: [FeatureConfigurationMonitor] Checking 13 configurations...
2024-09-10 09:59:01.059 [16] - DEBUG: [FeatureConfigurationMonitor] Checking 13 configurations...
2024-09-10 09:59:02.071 [08] - DEBUG: [FeatureConfigurationMonitor] Checking 13 configurations...
2024-09-10 09:59:03.082 [15] - DEBUG: [FeatureConfigurationMonitor] Checking 13 configurations...
2024-09-10 09:59:04.094 [16] - DEBUG: [FeatureConfigurationMonitor] Checking 13 configurations...
2024-09-10 09:59:05.110 [08] - DEBUG: [FeatureConfigurationMonitor] Checking 13 configurations...
2024-09-10 09:59:06.115 [15] - DEBUG: [FeatureConfigurationMonitor] Checking 13 configurations...
2024-09-10 09:59:07.119 [08] - DEBUG: [FeatureConfigurationMonitor] Checking 13 configurations...
2024-09-10 09:59:08.122 [15] - DEBUG: [FeatureConfigurationMonitor] Checking 13 configurations...
2024-09-10 09:59:09.132 [08] - DEBUG: [FeatureConfigurationMonitor] Checking 13 configurations...
2024-09-10 09:59:10.146 [16] - DEBUG: [FeatureConfigurationMonitor] Checking 13 configurations...
2024-09-10 09:59:11.159 [08] - DEBUG: [FeatureConfigurationMonitor] Checking 13 configurations...
2024-09-10 09:59:12.164 [16] - DEBUG: [FeatureConfigurationMonitor] Checking 13 configurations...
2024-09-10 09:59:13.168 [08] - DEBUG: [FeatureConfigurationMonitor] Checking 13 configurations...
2024-09-10 09:59:14.180 [16] - DEBUG: [FeatureConfigurationMonitor] Checking 13 configurations...
2024-09-10 09:59:15.192 [08] - DEBUG: [FeatureConfigurationMonitor] Checking 13 configurations...
2024-09-10 09:59:16.203 [15] - DEBUG: [FeatureConfigurationMonitor] Checking 13 configurations...
2024-09-10 09:59:17.206 [16] - DEBUG: [FeatureConfigurationMonitor] Checking 13 configurations...
2024-09-10 09:59:18.224 [15] - DEBUG: [FeatureConfigurationMonitor] Checking 13 configurations...
2024-09-10 09:59:19.239 [08] - DEBUG: [FeatureConfigurationMonitor] Checking 13 configurations...
2024-09-10 09:59:20.257 [15] - DEBUG: [FeatureConfigurationMonitor] Checking 13 configurations...
2024-09-10 09:59:21.261 [08] - DEBUG: [FeatureConfigurationMonitor] Checking 13 configurations...
2024-09-10 09:59:22.279 [15] - DEBUG: [FeatureConfigurationMonitor] Checking 13 configurations...
2024-09-10 09:59:23.291 [08] - DEBUG: [FeatureConfigurationMonitor] Checking 13 configurations...
2024-09-10 09:59:24.299 [15] - DEBUG: [FeatureConfigurationMonitor] Checking 13 configurations...
2024-09-10 09:59:25.307 [16] - DEBUG: [FeatureConfigurationMonitor] Checking 13 configurations...
2024-09-10 09:59:26.321 [15] - DEBUG: [FeatureConfigurationMonitor] Checking 13 configurations...
2024-09-10 09:59:27.329 [16] - DEBUG: [FeatureConfigurationMonitor] Checking 13 configurations...
2024-09-10 09:59:28.341 [15] - DEBUG: [FeatureConfigurationMonitor] Checking 13 configurations...
2024-09-10 09:59:29.361 [08] - DEBUG: [FeatureConfigurationMonitor] Checking 13 configurations...
2024-09-10 09:59:30.364 [15] - DEBUG: [FeatureConfigurationMonitor] Checking 13 configurations...
2024-09-10 09:59:31.374 [08] - DEBUG: [FeatureConfigurationMonitor] Checking 13 configurations...
2024-09-10 09:59:32.388 [15] - DEBUG: [FeatureConfigurationMonitor] Checking 13 configurations...
2024-09-10 09:59:33.400 [16] - DEBUG: [FeatureConfigurationMonitor] Checking 13 configurations...
2024-09-10 09:59:34.409 [15] - DEBUG: [FeatureConfigurationMonitor] Checking 13 configurations...
2024-09-10 09:59:35.422 [16] - DEBUG: [FeatureConfigurationMonitor] Checking 13 configurations...
2024-09-10 09:59:36.413 [18] - DEBUG: [ServiceHost] Received message 'SimpleMessage -> Ping', sending response 'SimpleResponse -> Acknowledged'.
2024-09-10 09:59:36.430 [08] - DEBUG: [FeatureConfigurationMonitor] Checking 13 configurations...
2024-09-10 09:59:37.441 [15] - DEBUG: [FeatureConfigurationMonitor] Checking 13 configurations...
2024-09-10 09:59:38.449 [08] - DEBUG: [FeatureConfigurationMonitor] Checking 13 configurations...
2024-09-10 09:59:39.459 [15] - DEBUG: [FeatureConfigurationMonitor] Checking 13 configurations...
2024-09-10 09:59:40.471 [08] - DEBUG: [FeatureConfigurationMonitor] Checking 13 configurations...
2024-09-10 09:59:41.490 [15] - DEBUG: [FeatureConfigurationMonitor] Checking 13 configurations...
2024-09-10 09:59:42.500 [08] - DEBUG: [FeatureConfigurationMonitor] Checking 13 configurations...
2024-09-10 09:59:43.511 [15] - DEBUG: [FeatureConfigurationMonitor] Checking 13 configurations...
2024-09-10 09:59:44.522 [16] - DEBUG: [FeatureConfigurationMonitor] Checking 13 configurations...
2024-09-10 09:59:45.531 [08] - DEBUG: [FeatureConfigurationMonitor] Checking 13 configurations...
2024-09-10 09:59:46.543 [15] - DEBUG: [FeatureConfigurationMonitor] Checking 13 configurations...
2024-09-10 09:59:47.553 [08] - DEBUG: [FeatureConfigurationMonitor] Checking 13 configurations...
2024-09-10 09:59:48.560 [15] - DEBUG: [FeatureConfigurationMonitor] Checking 13 configurations...
2024-09-10 09:59:49.569 [08] - DEBUG: [FeatureConfigurationMonitor] Checking 13 configurations...
2024-09-10 09:59:50.581 [15] - DEBUG: [FeatureConfigurationMonitor] Checking 13 configurations...
2024-09-10 09:59:51.587 [08] - DEBUG: [FeatureConfigurationMonitor] Checking 13 configurations...
2024-09-10 09:59:52.599 [16] - DEBUG: [FeatureConfigurationMonitor] Checking 13 configurations...
2024-09-10 09:59:53.611 [08] - DEBUG: [FeatureConfigurationMonitor] Checking 13 configurations...
2024-09-10 09:59:54.621 [15] - DEBUG: [FeatureConfigurationMonitor] Checking 13 configurations...
2024-09-10 09:59:55.629 [08] - DEBUG: [FeatureConfigurationMonitor] Checking 13 configurations...
2024-09-10 09:59:56.639 [15] - DEBUG: [FeatureConfigurationMonitor] Checking 13 configurations...
2024-09-10 09:59:57.646 [08] - DEBUG: [FeatureConfigurationMonitor] Checking 13 configurations...
2024-09-10 09:59:58.652 [15] - DEBUG: [FeatureConfigurationMonitor] Checking 13 configurations...
2024-09-10 09:59:59.659 [08] - DEBUG: [FeatureConfigurationMonitor] Checking 13 configurations...
2024-09-10 10:00:00.667 [16] - DEBUG: [FeatureConfigurationMonitor] Checking 13 configurations...
2024-09-10 10:00:01.677 [08] - DEBUG: [FeatureConfigurationMonitor] Checking 13 configurations...
2024-09-10 10:00:02.684 [15] - DEBUG: [FeatureConfigurationMonitor] Checking 13 configurations...
2024-09-10 10:00:03.693 [16] - DEBUG: [FeatureConfigurationMonitor] Checking 13 configurations...
2024-09-10 10:00:04.699 [16] - DEBUG: [FeatureConfigurationMonitor] Checking 13 configurations...
2024-09-10 10:00:05.706 [15] - DEBUG: [FeatureConfigurationMonitor] Checking 13 configurations...
2024-09-10 10:00:06.709 [16] - DEBUG: [FeatureConfigurationMonitor] Checking 13 configurations...
2024-09-10 10:00:07.716 [15] - DEBUG: [FeatureConfigurationMonitor] Checking 13 configurations...
2024-09-10 10:00:08.722 [08] - DEBUG: [FeatureConfigurationMonitor] Checking 13 configurations...
2024-09-10 10:00:09.730 [16] - DEBUG: [FeatureConfigurationMonitor] Checking 13 configurations...
2024-09-10 10:00:10.739 [08] - DEBUG: [FeatureConfigurationMonitor] Checking 13 configurations...
2024-09-10 10:00:11.747 [16] - DEBUG: [FeatureConfigurationMonitor] Checking 13 configurations...
2024-09-10 10:00:12.756 [08] - DEBUG: [FeatureConfigurationMonitor] Checking 13 configurations...
2024-09-10 10:00:13.759 [15] - DEBUG: [FeatureConfigurationMonitor] Checking 13 configurations...
2024-09-10 10:00:14.769 [16] - DEBUG: [FeatureConfigurationMonitor] Checking 13 configurations...
2024-09-10 10:00:15.779 [08] - DEBUG: [FeatureConfigurationMonitor] Checking 13 configurations...
2024-09-10 10:00:16.793 [16] - DEBUG: [FeatureConfigurationMonitor] Checking 13 configurations...
2024-09-10 10:00:17.804 [08] - DEBUG: [FeatureConfigurationMonitor] Checking 13 configurations...
2024-09-10 10:00:18.809 [15] - DEBUG: [FeatureConfigurationMonitor] Checking 13 configurations...
2024-09-10 10:00:19.811 [16] - DEBUG: [FeatureConfigurationMonitor] Checking 13 configurations...
2024-09-10 10:00:20.827 [08] - DEBUG: [FeatureConfigurationMonitor] Checking 13 configurations...
2024-09-10 10:00:21.842 [15] - DEBUG: [FeatureConfigurationMonitor] Checking 13 configurations...
2024-09-10 10:00:22.852 [16] - DEBUG: [FeatureConfigurationMonitor] Checking 13 configurations...
2024-09-10 10:00:23.869 [08] - DEBUG: [FeatureConfigurationMonitor] Checking 13 configurations...
2024-09-10 10:00:24.871 [16] - DEBUG: [FeatureConfigurationMonitor] Checking 13 configurations...
2024-09-10 10:00:25.886 [08] - DEBUG: [FeatureConfigurationMonitor] Checking 13 configurations...
2024-09-10 10:00:26.900 [15] - DEBUG: [FeatureConfigurationMonitor] Checking 13 configurations...
2024-09-10 10:00:27.914 [08] - DEBUG: [FeatureConfigurationMonitor] Checking 13 configurations...
2024-09-10 10:00:28.917 [16] - DEBUG: [FeatureConfigurationMonitor] Checking 13 configurations...
2024-09-10 10:00:29.933 [08] - DEBUG: [FeatureConfigurationMonitor] Checking 13 configurations...
2024-09-10 10:00:30.939 [15] - DEBUG: [FeatureConfigurationMonitor] Checking 13 configurations...
2024-09-10 10:00:31.954 [08] - DEBUG: [FeatureConfigurationMonitor] Checking 13 configurations...
2024-09-10 10:00:32.969 [16] - DEBUG: [FeatureConfigurationMonitor] Checking 13 configurations...
2024-09-10 10:00:33.983 [15] - DEBUG: [FeatureConfigurationMonitor] Checking 13 configurations...
2024-09-10 10:00:35.002 [03] - DEBUG: [FeatureConfigurationMonitor] Checking 13 configurations...
2024-09-10 10:00:36.007 [16] - DEBUG: [FeatureConfigurationMonitor] Checking 13 configurations...
2024-09-10 10:00:36.429 [17] - DEBUG: [ServiceHost] Received message 'SimpleMessage -> Ping', sending response 'SimpleResponse -> Acknowledged'.
2024-09-10 10:00:37.024 [03] - DEBUG: [FeatureConfigurationMonitor] Checking 13 configurations...
2024-09-10 10:00:38.042 [08] - DEBUG: [FeatureConfigurationMonitor] Checking 13 configurations...
2024-09-10 10:00:39.059 [15] - DEBUG: [FeatureConfigurationMonitor] Checking 13 configurations...
2024-09-10 10:00:40.067 [16] - DEBUG: [FeatureConfigurationMonitor] Checking 13 configurations...
2024-09-10 10:00:41.075 [15] - DEBUG: [FeatureConfigurationMonitor] Checking 13 configurations...
2024-09-10 10:00:42.092 [08] - DEBUG: [FeatureConfigurationMonitor] Checking 13 configurations...
2024-09-10 10:00:43.098 [03] - DEBUG: [FeatureConfigurationMonitor] Checking 13 configurations...
2024-09-10 10:00:44.114 [08] - DEBUG: [FeatureConfigurationMonitor] Checking 13 configurations...
2024-09-10 10:00:44.596 [03] - INFO: ### ------------------------------------- Session Stop Procedure ------------------------------------- ###
2024-09-10 10:00:44.596 [03] - INFO: Attempting to revert lockdown (feature configuration group: 9b5d5eea-9f56-4560-acd2-42137f831db0)...
2024-09-10 10:00:44.596 [03] - DEBUG: [FeatureConfigurationBackup] Attempting to load backup data from 'C:\Windows\system32\config\systemprofile\AppData\Local\SafeExamBrowser\Backup.bin'...
2024-09-10 10:00:44.596 [20] - DEBUG: [ServiceHost] Received message 'SessionStopMessage', sending response 'SimpleResponse -> Acknowledged'.
2024-09-10 10:00:44.597 [03] - DEBUG: [FeatureConfigurationBackup] Backup data successfully loaded, found 13 items.
2024-09-10 10:00:44.597 [03] - INFO: [FeatureConfigurationMonitor] Stopped monitoring.
2024-09-10 10:00:44.599 [03] - DEBUG: [ChangePasswordConfiguration] Successfully deleted registry item 'HKEY_USERS\S-1-5-21-3404067106-2542481067-2947906702-1002\Software\Microsoft\Windows\CurrentVersion\Policies\System\DisableChangePassword'.
2024-09-10 10:00:44.599 [03] - INFO: [ChangePasswordConfiguration] Successfully restored feature.
2024-09-10 10:00:44.600 [03] - DEBUG: [FeatureConfigurationBackup] Attempting to load backup data from 'C:\Windows\system32\config\systemprofile\AppData\Local\SafeExamBrowser\Backup.bin'...
2024-09-10 10:00:44.601 [03] - DEBUG: [FeatureConfigurationBackup] Backup data successfully loaded, found 13 items.
2024-09-10 10:00:44.602 [03] - DEBUG: [FeatureConfigurationBackup] Attempting to save backup data to 'C:\Windows\system32\config\systemprofile\AppData\Local\SafeExamBrowser\Backup.bin'...
2024-09-10 10:00:44.603 [03] - DEBUG: [FeatureConfigurationBackup] Successfully saved 12 items.
2024-09-10 10:00:44.604 [03] - INFO: [FeatureConfigurationBackup] Successfully removed ChangePasswordConfiguration (4542f4b2-e1dc-42e9-afab-1cc95e8b2010) for user 'sowmya' from backup.
2024-09-10 10:00:44.604 [03] - DEBUG: [ChromeNotificationConfiguration] Successfully deleted registry item 'HKEY_USERS\S-1-5-21-3404067106-2542481067-2947906702-1002\Software\Policies\Google\Chrome\DefaultNotificationsSetting'.
2024-09-10 10:00:44.605 [03] - INFO: [ChromeNotificationConfiguration] Successfully restored feature.
2024-09-10 10:00:44.605 [03] - DEBUG: [FeatureConfigurationBackup] Attempting to load backup data from 'C:\Windows\system32\config\systemprofile\AppData\Local\SafeExamBrowser\Backup.bin'...
2024-09-10 10:00:44.607 [03] - DEBUG: [FeatureConfigurationBackup] Backup data successfully loaded, found 12 items.
2024-09-10 10:00:44.607 [03] - DEBUG: [FeatureConfigurationBackup] Attempting to save backup data to 'C:\Windows\system32\config\systemprofile\AppData\Local\SafeExamBrowser\Backup.bin'...
2024-09-10 10:00:44.609 [03] - DEBUG: [FeatureConfigurationBackup] Successfully saved 11 items.
2024-09-10 10:00:44.609 [03] - INFO: [FeatureConfigurationBackup] Successfully removed ChromeNotificationConfiguration (7eb95094-e99e-4bc4-b4f1-e150d9da618e) for user 'sowmya' from backup.
2024-09-10 10:00:44.610 [03] - DEBUG: [EaseOfAccessConfiguration] Successfully deleted registry item 'HKEY_LOCAL_MACHINE\Software\Microsoft\Windows NT\CurrentVersion\Image File Execution Options\Utilman.exe\Debugger'.
2024-09-10 10:00:44.610 [03] - INFO: [EaseOfAccessConfiguration] Successfully restored feature.
2024-09-10 10:00:44.611 [03] - DEBUG: [FeatureConfigurationBackup] Attempting to load backup data from 'C:\Windows\system32\config\systemprofile\AppData\Local\SafeExamBrowser\Backup.bin'...
2024-09-10 10:00:44.612 [03] - DEBUG: [FeatureConfigurationBackup] Backup data successfully loaded, found 11 items.
2024-09-10 10:00:44.613 [03] - DEBUG: [FeatureConfigurationBackup] Attempting to save backup data to 'C:\Windows\system32\config\systemprofile\AppData\Local\SafeExamBrowser\Backup.bin'...
2024-09-10 10:00:44.614 [03] - DEBUG: [FeatureConfigurationBackup] Successfully saved 10 items.
2024-09-10 10:00:44.614 [03] - INFO: [FeatureConfigurationBackup] Successfully removed EaseOfAccessConfiguration (e6021f7b-b393-4b85-8cc6-eb271375b4a8) from backup.
2024-09-10 10:00:44.615 [03] - DEBUG: [FindPrinterConfiguration] Successfully deleted registry item 'HKEY_USERS\S-1-5-21-3404067106-2542481067-2947906702-1002\Software\Microsoft\Windows\CurrentVersion\Policies\Explorer\NoAddPrinter'.
2024-09-10 10:00:44.616 [03] - INFO: [FindPrinterConfiguration] Successfully restored feature.
2024-09-10 10:00:44.617 [03] - DEBUG: [FeatureConfigurationBackup] Attempting to load backup data from 'C:\Windows\system32\config\systemprofile\AppData\Local\SafeExamBrowser\Backup.bin'...
2024-09-10 10:00:44.618 [03] - DEBUG: [FeatureConfigurationBackup] Backup data successfully loaded, found 10 items.
2024-09-10 10:00:44.618 [03] - DEBUG: [FeatureConfigurationBackup] Attempting to save backup data to 'C:\Windows\system32\config\systemprofile\AppData\Local\SafeExamBrowser\Backup.bin'...
2024-09-10 10:00:44.620 [03] - DEBUG: [FeatureConfigurationBackup] Successfully saved 9 items.
2024-09-10 10:00:44.620 [03] - INFO: [FeatureConfigurationBackup] Successfully removed FindPrinterConfiguration (fefb00f3-3e7c-4db3-8d8b-6b694e3bcad0) for user 'sowmya' from backup.
2024-09-10 10:00:44.621 [03] - DEBUG: [LockWorkstationConfiguration] Successfully deleted registry item 'HKEY_USERS\S-1-5-21-3404067106-2542481067-2947906702-1002\Software\Microsoft\Windows\CurrentVersion\Policies\System\DisableLockWorkstation'.
2024-09-10 10:00:44.621 [03] - INFO: [LockWorkstationConfiguration] Successfully restored feature.
2024-09-10 10:00:44.622 [03] - DEBUG: [FeatureConfigurationBackup] Attempting to load backup data from 'C:\Windows\system32\config\systemprofile\AppData\Local\SafeExamBrowser\Backup.bin'...
2024-09-10 10:00:44.623 [03] - DEBUG: [FeatureConfigurationBackup] Backup data successfully loaded, found 9 items.
2024-09-10 10:00:44.624 [03] - DEBUG: [FeatureConfigurationBackup] Attempting to save backup data to 'C:\Windows\system32\config\systemprofile\AppData\Local\SafeExamBrowser\Backup.bin'...
2024-09-10 10:00:44.625 [03] - DEBUG: [FeatureConfigurationBackup] Successfully saved 8 items.
2024-09-10 10:00:44.625 [03] - INFO: [FeatureConfigurationBackup] Successfully removed LockWorkstationConfiguration (113f95ae-8d04-40f6-ae42-3a3f8c6f4706) for user 'sowmya' from backup.
2024-09-10 10:00:44.626 [03] - DEBUG: [MachinePowerOptionsConfiguration] Successfully deleted registry item 'HKEY_LOCAL_MACHINE\Software\Microsoft\Windows\CurrentVersion\Policies\Explorer\NoClose'.
2024-09-10 10:00:44.626 [03] - INFO: [MachinePowerOptionsConfiguration] Successfully restored feature.
2024-09-10 10:00:44.627 [03] - DEBUG: [FeatureConfigurationBackup] Attempting to load backup data from 'C:\Windows\system32\config\systemprofile\AppData\Local\SafeExamBrowser\Backup.bin'...
2024-09-10 10:00:44.628 [03] - DEBUG: [FeatureConfigurationBackup] Backup data successfully loaded, found 8 items.
2024-09-10 10:00:44.629 [03] - DEBUG: [FeatureConfigurationBackup] Attempting to save backup data to 'C:\Windows\system32\config\systemprofile\AppData\Local\SafeExamBrowser\Backup.bin'...
2024-09-10 10:00:44.630 [03] - DEBUG: [FeatureConfigurationBackup] Successfully saved 7 items.
2024-09-10 10:00:44.630 [03] - INFO: [FeatureConfigurationBackup] Successfully removed MachinePowerOptionsConfiguration (77033ba2-9534-4da2-be75-0973485c8591) from backup.
2024-09-10 10:00:44.631 [03] - DEBUG: [NetworkOptionsConfiguration] Successfully deleted registry item 'HKEY_LOCAL_MACHINE\SOFTWARE\Policies\Microsoft\Windows\System\DontDisplayNetworkSelectionUI'.
2024-09-10 10:00:44.632 [03] - INFO: [NetworkOptionsConfiguration] Successfully restored feature.
2024-09-10 10:00:44.632 [03] - DEBUG: [FeatureConfigurationBackup] Attempting to load backup data from 'C:\Windows\system32\config\systemprofile\AppData\Local\SafeExamBrowser\Backup.bin'...
2024-09-10 10:00:44.633 [03] - DEBUG: [FeatureConfigurationBackup] Backup data successfully loaded, found 7 items.
2024-09-10 10:00:44.634 [03] - DEBUG: [FeatureConfigurationBackup] Attempting to save backup data to 'C:\Windows\system32\config\systemprofile\AppData\Local\SafeExamBrowser\Backup.bin'...
2024-09-10 10:00:44.635 [03] - DEBUG: [FeatureConfigurationBackup] Successfully saved 6 items.
2024-09-10 10:00:44.636 [03] - INFO: [FeatureConfigurationBackup] Successfully removed NetworkOptionsConfiguration (fe64d49c-a8b2-467c-9ccc-436fdb84714e) from backup.
2024-09-10 10:00:44.636 [03] - DEBUG: [RemoteConnectionConfiguration] Successfully set registry item 'HKEY_LOCAL_MACHINE\SYSTEM\CurrentControlSet\Control\Terminal Server\fDenyTSConnections' => '1'.
2024-09-10 10:00:44.637 [03] - INFO: [RemoteConnectionConfiguration] Successfully restored feature.
2024-09-10 10:00:44.637 [03] - DEBUG: [FeatureConfigurationBackup] Attempting to load backup data from 'C:\Windows\system32\config\systemprofile\AppData\Local\SafeExamBrowser\Backup.bin'...
2024-09-10 10:00:44.638 [03] - DEBUG: [FeatureConfigurationBackup] Backup data successfully loaded, found 6 items.
2024-09-10 10:00:44.639 [03] - DEBUG: [FeatureConfigurationBackup] Attempting to save backup data to 'C:\Windows\system32\config\systemprofile\AppData\Local\SafeExamBrowser\Backup.bin'...
2024-09-10 10:00:44.640 [03] - DEBUG: [FeatureConfigurationBackup] Successfully saved 5 items.
2024-09-10 10:00:44.641 [03] - INFO: [FeatureConfigurationBackup] Successfully removed RemoteConnectionConfiguration (97308d1f-f39b-4c8f-b9d9-a0ecad23cf94) from backup.
2024-09-10 10:00:44.641 [03] - DEBUG: [SignoutConfiguration] Successfully deleted registry item 'HKEY_USERS\S-1-5-21-3404067106-2542481067-2947906702-1002\Software\Microsoft\Windows\CurrentVersion\Policies\Explorer\NoLogoff'.
2024-09-10 10:00:44.642 [03] - INFO: [SignoutConfiguration] Successfully restored feature.
2024-09-10 10:00:44.642 [03] - DEBUG: [FeatureConfigurationBackup] Attempting to load backup data from 'C:\Windows\system32\config\systemprofile\AppData\Local\SafeExamBrowser\Backup.bin'...
2024-09-10 10:00:44.643 [03] - DEBUG: [FeatureConfigurationBackup] Backup data successfully loaded, found 5 items.
2024-09-10 10:00:44.644 [03] - DEBUG: [FeatureConfigurationBackup] Attempting to save backup data to 'C:\Windows\system32\config\systemprofile\AppData\Local\SafeExamBrowser\Backup.bin'...
2024-09-10 10:00:44.645 [03] - DEBUG: [FeatureConfigurationBackup] Successfully saved 4 items.
2024-09-10 10:00:44.645 [03] - INFO: [FeatureConfigurationBackup] Successfully removed SignoutConfiguration (3752c516-f9af-495a-a150-411513a1b0fd) for user 'sowmya' from backup.
2024-09-10 10:00:44.646 [03] - DEBUG: [SwitchUserConfiguration] Successfully deleted registry item 'HKEY_LOCAL_MACHINE\Software\Microsoft\Windows\CurrentVersion\Policies\System\HideFastUserSwitching'.
2024-09-10 10:00:44.646 [03] - INFO: [SwitchUserConfiguration] Successfully restored feature.
2024-09-10 10:00:44.647 [03] - DEBUG: [FeatureConfigurationBackup] Attempting to load backup data from 'C:\Windows\system32\config\systemprofile\AppData\Local\SafeExamBrowser\Backup.bin'...
2024-09-10 10:00:44.648 [03] - DEBUG: [FeatureConfigurationBackup] Backup data successfully loaded, found 4 items.
2024-09-10 10:00:44.648 [03] - DEBUG: [FeatureConfigurationBackup] Attempting to save backup data to 'C:\Windows\system32\config\systemprofile\AppData\Local\SafeExamBrowser\Backup.bin'...
2024-09-10 10:00:44.649 [03] - DEBUG: [FeatureConfigurationBackup] Successfully saved 3 items.
2024-09-10 10:00:44.650 [03] - INFO: [FeatureConfigurationBackup] Successfully removed SwitchUserConfiguration (e9c279f9-9545-430f-a255-c8e3d204c762) from backup.
2024-09-10 10:00:44.651 [03] - DEBUG: [TaskManagerConfiguration] Successfully deleted registry item 'HKEY_USERS\S-1-5-21-3404067106-2542481067-2947906702-1002\Software\Microsoft\Windows\CurrentVersion\Policies\System\DisableTaskMgr'.
2024-09-10 10:00:44.651 [03] - INFO: [TaskManagerConfiguration] Successfully restored feature.
2024-09-10 10:00:44.652 [03] - DEBUG: [FeatureConfigurationBackup] Attempting to load backup data from 'C:\Windows\system32\config\systemprofile\AppData\Local\SafeExamBrowser\Backup.bin'...
2024-09-10 10:00:44.653 [03] - DEBUG: [FeatureConfigurationBackup] Backup data successfully loaded, found 3 items.
2024-09-10 10:00:44.653 [03] - DEBUG: [FeatureConfigurationBackup] Attempting to save backup data to 'C:\Windows\system32\config\systemprofile\AppData\Local\SafeExamBrowser\Backup.bin'...
2024-09-10 10:00:44.655 [03] - DEBUG: [FeatureConfigurationBackup] Successfully saved 2 items.
2024-09-10 10:00:44.655 [03] - INFO: [FeatureConfigurationBackup] Successfully removed TaskManagerConfiguration (62a12df0-14f7-43a8-ac4a-7525af087cdd) for user 'sowmya' from backup.
2024-09-10 10:00:44.656 [03] - DEBUG: [UserPowerOptionsConfiguration] Successfully deleted registry item 'HKEY_USERS\S-1-5-21-3404067106-2542481067-2947906702-1002\Software\Microsoft\Windows\CurrentVersion\Policies\Explorer\NoClose'.
2024-09-10 10:00:44.657 [03] - INFO: [UserPowerOptionsConfiguration] Successfully restored feature.
2024-09-10 10:00:44.658 [03] - DEBUG: [FeatureConfigurationBackup] Attempting to load backup data from 'C:\Windows\system32\config\systemprofile\AppData\Local\SafeExamBrowser\Backup.bin'...
2024-09-10 10:00:44.658 [03] - DEBUG: [FeatureConfigurationBackup] Backup data successfully loaded, found 2 items.
2024-09-10 10:00:44.658 [03] - DEBUG: [FeatureConfigurationBackup] Attempting to save backup data to 'C:\Windows\system32\config\systemprofile\AppData\Local\SafeExamBrowser\Backup.bin'...
2024-09-10 10:00:44.659 [03] - DEBUG: [FeatureConfigurationBackup] Successfully saved 1 items.
2024-09-10 10:00:44.662 [03] - INFO: [FeatureConfigurationBackup] Successfully removed UserPowerOptionsConfiguration (d60dff90-d946-4b77-85cd-cf0f697f6f68) for user 'sowmya' from backup.
2024-09-10 10:00:44.665 [03] - DEBUG: [WindowsUpdateConfiguration] Attempt 1/5 to set service 'wuauserv' => 'running'...
2024-09-10 10:00:44.957 [03] - DEBUG: [WindowsUpdateConfiguration] Successfully set service 'wuauserv' => 'running'.
2024-09-10 10:00:44.958 [03] - INFO: [WindowsUpdateConfiguration] Successfully restored feature.
2024-09-10 10:00:44.959 [03] - DEBUG: [FeatureConfigurationBackup] Attempting to load backup data from 'C:\Windows\system32\config\systemprofile\AppData\Local\SafeExamBrowser\Backup.bin'...
2024-09-10 10:00:44.960 [03] - DEBUG: [FeatureConfigurationBackup] Backup data successfully loaded, found 1 items.
2024-09-10 10:00:44.961 [03] - DEBUG: [FeatureConfigurationBackup] No backup data to save, deleted backup file.
2024-09-10 10:00:44.961 [03] - INFO: [FeatureConfigurationBackup] Successfully removed WindowsUpdateConfiguration (49b678ea-8de3-4adb-8373-5737f91c73e2) from backup.
2024-09-10 10:00:44.962 [03] - INFO: Lockdown reversion successful.
2024-09-10 10:00:44.962 [03] - INFO: Starting auto-restore mechanism...
2024-09-10 10:00:44.963 [03] - INFO: [AutoRestoreMechanism] Started auto-restore mechanism.
2024-09-10 10:00:44.963 [03] - INFO: Clearing session data...
2024-09-10 10:00:44.964 [03] - INFO: Successfully informed runtime about session termination.
2024-09-10 10:00:44.964 [03] - INFO: ### --------------------------------------- Session Terminated --------------------------------------- ###
