2024-09-10 09:57:50.873 [10] - INFO: ### ------------------------------------ Session Start Procedure ------------------------------------- ###
2024-09-10 09:57:50.888 [10] - INFO: Initializing new session...
2024-09-10 09:57:50.888 [10] - INFO:  -> Client-ID: 09e4973c-7e8d-467b-bc42-b01fe623d545
2024-09-10 09:57:50.888 [10] - INFO:  -> Runtime-ID: fe720425-01ed-4ad4-857a-7d2ab1e99f30
2024-09-10 09:57:50.888 [10] - INFO:  -> Session-ID: ce829d10-3e8a-4f34-8799-cd5e23917567
2024-09-10 09:57:50.903 [10] - INFO: Stopping auto-restore mechanism...
2024-09-10 09:57:50.903 [10] - INFO: [AutoRestoreMechanism] Auto-restore mechanism is not running.
2024-09-10 09:57:50.903 [10] - INFO: Attempting to create new service event...
2024-09-10 09:57:50.903 [10] - INFO: Service event successfully created.
2024-09-10 09:57:50.919 [10] - INFO: Attempting to perform lockdown (feature configuration group: 1d4348e1-c726-4de9-a60b-d42382214a1e)...
2024-09-10 09:57:50.919 [10] - DEBUG: [FeatureConfigurationBackup] No backup data found under 'C:\Windows\system32\config\systemprofile\AppData\Local\SafeExamBrowser\Backup.bin'.
2024-09-10 09:57:50.935 [10] - DEBUG: [FeatureConfigurationBackup] Attempting to save backup data to 'C:\Windows\system32\config\systemprofile\AppData\Local\SafeExamBrowser\Backup.bin'...
2024-09-10 09:57:50.935 [10] - DEBUG: [FeatureConfigurationBackup] Successfully saved 1 items.
2024-09-10 09:57:50.935 [10] - INFO: [FeatureConfigurationBackup] Successfully added ChangePasswordConfiguration (ea5fa5da-c3fb-4b34-9e4b-5ca6c98bb420) for user 'sowmya' to backup.
2024-09-10 09:57:50.935 [10] - DEBUG: [ChangePasswordConfiguration] Successfully set registry item 'HKEY_USERS\S-1-5-21-3404067106-2542481067-2947906702-1002\Software\Microsoft\Windows\CurrentVersion\Policies\System\DisableChangePassword' => '1'.
2024-09-10 09:57:50.935 [10] - INFO: [ChangePasswordConfiguration] Successfully disabled feature.
2024-09-10 09:57:50.955 [10] - DEBUG: [FeatureConfigurationBackup] Attempting to load backup data from 'C:\Windows\system32\config\systemprofile\AppData\Local\SafeExamBrowser\Backup.bin'...
2024-09-10 09:57:50.955 [10] - DEBUG: [FeatureConfigurationBackup] Backup data successfully loaded, found 1 items.
2024-09-10 09:57:50.955 [10] - DEBUG: [FeatureConfigurationBackup] Attempting to save backup data to 'C:\Windows\system32\config\systemprofile\AppData\Local\SafeExamBrowser\Backup.bin'...
2024-09-10 09:57:50.961 [10] - DEBUG: [FeatureConfigurationBackup] Successfully saved 2 items.
2024-09-10 09:57:50.961 [10] - INFO: [FeatureConfigurationBackup] Successfully added ChromeNotificationConfiguration (e9ebd9ee-cebc-45e3-8408-85c3b5f615f6) for user 'sowmya' to backup.
2024-09-10 09:57:50.961 [10] - DEBUG: [ChromeNotificationConfiguration] Successfully set registry item 'HKEY_USERS\S-1-5-21-3404067106-2542481067-2947906702-1002\Software\Policies\Google\Chrome\DefaultNotificationsSetting' => '2'.
2024-09-10 09:57:50.961 [10] - INFO: [ChromeNotificationConfiguration] Successfully disabled feature.
2024-09-10 09:57:50.961 [10] - DEBUG: [FeatureConfigurationBackup] Attempting to load backup data from 'C:\Windows\system32\config\systemprofile\AppData\Local\SafeExamBrowser\Backup.bin'...
2024-09-10 09:57:50.961 [10] - DEBUG: [FeatureConfigurationBackup] Backup data successfully loaded, found 2 items.
2024-09-10 09:57:50.961 [10] - DEBUG: [FeatureConfigurationBackup] Attempting to save backup data to 'C:\Windows\system32\config\systemprofile\AppData\Local\SafeExamBrowser\Backup.bin'...
2024-09-10 09:57:50.961 [10] - DEBUG: [FeatureConfigurationBackup] Successfully saved 3 items.
2024-09-10 09:57:50.966 [10] - INFO: [FeatureConfigurationBackup] Successfully added EaseOfAccessConfiguration (83a23350-1a0d-4a8e-8568-16b4466b03f4) to backup.
2024-09-10 09:57:50.966 [10] - DEBUG: [EaseOfAccessConfiguration] Successfully set registry item 'HKEY_LOCAL_MACHINE\Software\Microsoft\Windows NT\CurrentVersion\Image File Execution Options\Utilman.exe\Debugger' => 'SebDummy.exe'.
2024-09-10 09:57:50.966 [10] - INFO: [EaseOfAccessConfiguration] Successfully disabled feature.
2024-09-10 09:57:50.966 [10] - DEBUG: [FeatureConfigurationBackup] Attempting to load backup data from 'C:\Windows\system32\config\systemprofile\AppData\Local\SafeExamBrowser\Backup.bin'...
2024-09-10 09:57:50.966 [10] - DEBUG: [FeatureConfigurationBackup] Backup data successfully loaded, found 3 items.
2024-09-10 09:57:50.966 [10] - DEBUG: [FeatureConfigurationBackup] Attempting to save backup data to 'C:\Windows\system32\config\systemprofile\AppData\Local\SafeExamBrowser\Backup.bin'...
2024-09-10 09:57:50.966 [10] - DEBUG: [FeatureConfigurationBackup] Successfully saved 4 items.
2024-09-10 09:57:50.966 [10] - INFO: [FeatureConfigurationBackup] Successfully added FindPrinterConfiguration (f6e13c0d-1303-4077-a4d8-18b5b9a1fc58) for user 'sowmya' to backup.
2024-09-10 09:57:50.973 [10] - DEBUG: [FindPrinterConfiguration] Successfully set registry item 'HKEY_USERS\S-1-5-21-3404067106-2542481067-2947906702-1002\Software\Microsoft\Windows\CurrentVersion\Policies\Explorer\NoAddPrinter' => '1'.
2024-09-10 09:57:50.973 [10] - INFO: [FindPrinterConfiguration] Successfully disabled feature.
2024-09-10 09:57:50.973 [10] - DEBUG: [FeatureConfigurationBackup] Attempting to load backup data from 'C:\Windows\system32\config\systemprofile\AppData\Local\SafeExamBrowser\Backup.bin'...
2024-09-10 09:57:50.973 [10] - DEBUG: [FeatureConfigurationBackup] Backup data successfully loaded, found 4 items.
2024-09-10 09:57:50.973 [10] - DEBUG: [FeatureConfigurationBackup] Attempting to save backup data to 'C:\Windows\system32\config\systemprofile\AppData\Local\SafeExamBrowser\Backup.bin'...
2024-09-10 09:57:50.973 [10] - DEBUG: [FeatureConfigurationBackup] Successfully saved 5 items.
2024-09-10 09:57:50.973 [10] - INFO: [FeatureConfigurationBackup] Successfully added LockWorkstationConfiguration (cc93ea15-7f8c-4138-81c5-4676ba714775) for user 'sowmya' to backup.
2024-09-10 09:57:50.973 [10] - DEBUG: [LockWorkstationConfiguration] Successfully set registry item 'HKEY_USERS\S-1-5-21-3404067106-2542481067-2947906702-1002\Software\Microsoft\Windows\CurrentVersion\Policies\System\DisableLockWorkstation' => '1'.
2024-09-10 09:57:50.973 [10] - INFO: [LockWorkstationConfiguration] Successfully disabled feature.
2024-09-10 09:57:50.973 [10] - DEBUG: [FeatureConfigurationBackup] Attempting to load backup data from 'C:\Windows\system32\config\systemprofile\AppData\Local\SafeExamBrowser\Backup.bin'...
2024-09-10 09:57:50.973 [10] - DEBUG: [FeatureConfigurationBackup] Backup data successfully loaded, found 5 items.
2024-09-10 09:57:50.973 [10] - DEBUG: [FeatureConfigurationBackup] Attempting to save backup data to 'C:\Windows\system32\config\systemprofile\AppData\Local\SafeExamBrowser\Backup.bin'...
2024-09-10 09:57:50.982 [10] - DEBUG: [FeatureConfigurationBackup] Successfully saved 6 items.
2024-09-10 09:57:50.982 [10] - INFO: [FeatureConfigurationBackup] Successfully added MachinePowerOptionsConfiguration (7c96e472-4462-4bba-8c0f-38fd6f9b246f) to backup.
2024-09-10 09:57:50.982 [10] - DEBUG: [MachinePowerOptionsConfiguration] Successfully set registry item 'HKEY_LOCAL_MACHINE\Software\Microsoft\Windows\CurrentVersion\Policies\Explorer\NoClose' => '1'.
2024-09-10 09:57:50.982 [10] - INFO: [MachinePowerOptionsConfiguration] Successfully disabled feature.
2024-09-10 09:57:50.982 [10] - DEBUG: [FeatureConfigurationBackup] Attempting to load backup data from 'C:\Windows\system32\config\systemprofile\AppData\Local\SafeExamBrowser\Backup.bin'...
2024-09-10 09:57:50.982 [10] - DEBUG: [FeatureConfigurationBackup] Backup data successfully loaded, found 6 items.
2024-09-10 09:57:50.982 [10] - DEBUG: [FeatureConfigurationBackup] Attempting to save backup data to 'C:\Windows\system32\config\systemprofile\AppData\Local\SafeExamBrowser\Backup.bin'...
2024-09-10 09:57:50.982 [10] - DEBUG: [FeatureConfigurationBackup] Successfully saved 7 items.
2024-09-10 09:57:50.982 [10] - INFO: [FeatureConfigurationBackup] Successfully added NetworkOptionsConfiguration (59c0c390-be84-44ce-ae88-4f32b8d2f526) to backup.
2024-09-10 09:57:50.982 [10] - DEBUG: [NetworkOptionsConfiguration] Successfully set registry item 'HKEY_LOCAL_MACHINE\SOFTWARE\Policies\Microsoft\Windows\System\DontDisplayNetworkSelectionUI' => '1'.
2024-09-10 09:57:50.982 [10] - INFO: [NetworkOptionsConfiguration] Successfully disabled feature.
2024-09-10 09:57:50.982 [10] - DEBUG: [FeatureConfigurationBackup] Attempting to load backup data from 'C:\Windows\system32\config\systemprofile\AppData\Local\SafeExamBrowser\Backup.bin'...
2024-09-10 09:57:50.982 [10] - DEBUG: [FeatureConfigurationBackup] Backup data successfully loaded, found 7 items.
2024-09-10 09:57:50.982 [10] - DEBUG: [FeatureConfigurationBackup] Attempting to save backup data to 'C:\Windows\system32\config\systemprofile\AppData\Local\SafeExamBrowser\Backup.bin'...
2024-09-10 09:57:50.982 [10] - DEBUG: [FeatureConfigurationBackup] Successfully saved 8 items.
2024-09-10 09:57:50.982 [10] - INFO: [FeatureConfigurationBackup] Successfully added RemoteConnectionConfiguration (5a75275e-0993-4242-bcf1-bd3d4d47a7a8) to backup.
2024-09-10 09:57:50.982 [10] - DEBUG: [RemoteConnectionConfiguration] Successfully set registry item 'HKEY_LOCAL_MACHINE\SYSTEM\CurrentControlSet\Control\Terminal Server\fDenyTSConnections' => '1'.
2024-09-10 09:57:50.982 [10] - INFO: [RemoteConnectionConfiguration] Successfully disabled feature.
2024-09-10 09:57:50.998 [10] - DEBUG: [FeatureConfigurationBackup] Attempting to load backup data from 'C:\Windows\system32\config\systemprofile\AppData\Local\SafeExamBrowser\Backup.bin'...
2024-09-10 09:57:50.999 [10] - DEBUG: [FeatureConfigurationBackup] Backup data successfully loaded, found 8 items.
2024-09-10 09:57:50.999 [10] - DEBUG: [FeatureConfigurationBackup] Attempting to save backup data to 'C:\Windows\system32\config\systemprofile\AppData\Local\SafeExamBrowser\Backup.bin'...
2024-09-10 09:57:50.999 [10] - DEBUG: [FeatureConfigurationBackup] Successfully saved 9 items.
2024-09-10 09:57:50.999 [10] - INFO: [FeatureConfigurationBackup] Successfully added SignoutConfiguration (2fa9da0b-056c-48a1-87c5-927fe75d6b8c) for user 'sowmya' to backup.
2024-09-10 09:57:50.999 [10] - DEBUG: [SignoutConfiguration] Successfully set registry item 'HKEY_USERS\S-1-5-21-3404067106-2542481067-2947906702-1002\Software\Microsoft\Windows\CurrentVersion\Policies\Explorer\NoLogoff' => '1'.
2024-09-10 09:57:50.999 [10] - INFO: [SignoutConfiguration] Successfully disabled feature.
2024-09-10 09:57:50.999 [10] - DEBUG: [FeatureConfigurationBackup] Attempting to load backup data from 'C:\Windows\system32\config\systemprofile\AppData\Local\SafeExamBrowser\Backup.bin'...
2024-09-10 09:57:50.999 [10] - DEBUG: [FeatureConfigurationBackup] Backup data successfully loaded, found 9 items.
2024-09-10 09:57:50.999 [10] - DEBUG: [FeatureConfigurationBackup] Attempting to save backup data to 'C:\Windows\system32\config\systemprofile\AppData\Local\SafeExamBrowser\Backup.bin'...
2024-09-10 09:57:50.999 [10] - DEBUG: [FeatureConfigurationBackup] Successfully saved 10 items.
2024-09-10 09:57:50.999 [10] - INFO: [FeatureConfigurationBackup] Successfully added SwitchUserConfiguration (947424b6-6f23-4203-a18f-fc3e2a470d64) to backup.
2024-09-10 09:57:50.999 [10] - DEBUG: [SwitchUserConfiguration] Successfully set registry item 'HKEY_LOCAL_MACHINE\Software\Microsoft\Windows\CurrentVersion\Policies\System\HideFastUserSwitching' => '1'.
2024-09-10 09:57:50.999 [10] - INFO: [SwitchUserConfiguration] Successfully disabled feature.
2024-09-10 09:57:50.999 [10] - DEBUG: [FeatureConfigurationBackup] Attempting to load backup data from 'C:\Windows\system32\config\systemprofile\AppData\Local\SafeExamBrowser\Backup.bin'...
2024-09-10 09:57:50.999 [10] - DEBUG: [FeatureConfigurationBackup] Backup data successfully loaded, found 10 items.
2024-09-10 09:57:50.999 [10] - DEBUG: [FeatureConfigurationBackup] Attempting to save backup data to 'C:\Windows\system32\config\systemprofile\AppData\Local\SafeExamBrowser\Backup.bin'...
2024-09-10 09:57:51.014 [10] - DEBUG: [FeatureConfigurationBackup] Successfully saved 11 items.
2024-09-10 09:57:51.014 [10] - INFO: [FeatureConfigurationBackup] Successfully added TaskManagerConfiguration (84b09e9c-6933-4742-819e-ba5a72832299) for user 'sowmya' to backup.
2024-09-10 09:57:51.014 [10] - DEBUG: [TaskManagerConfiguration] Successfully set registry item 'HKEY_USERS\S-1-5-21-3404067106-2542481067-2947906702-1002\Software\Microsoft\Windows\CurrentVersion\Policies\System\DisableTaskMgr' => '1'.
2024-09-10 09:57:51.014 [10] - INFO: [TaskManagerConfiguration] Successfully disabled feature.
2024-09-10 09:57:51.014 [10] - DEBUG: [FeatureConfigurationBackup] Attempting to load backup data from 'C:\Windows\system32\config\systemprofile\AppData\Local\SafeExamBrowser\Backup.bin'...
2024-09-10 09:57:51.014 [10] - DEBUG: [FeatureConfigurationBackup] Backup data successfully loaded, found 11 items.
2024-09-10 09:57:51.014 [10] - DEBUG: [FeatureConfigurationBackup] Attempting to save backup data to 'C:\Windows\system32\config\systemprofile\AppData\Local\SafeExamBrowser\Backup.bin'...
2024-09-10 09:57:51.014 [10] - DEBUG: [FeatureConfigurationBackup] Successfully saved 12 items.
2024-09-10 09:57:51.014 [10] - INFO: [FeatureConfigurationBackup] Successfully added UserPowerOptionsConfiguration (2d7424af-5fec-448f-a2f7-eb8ccfe514d9) for user 'sowmya' to backup.
2024-09-10 09:57:51.014 [10] - DEBUG: [UserPowerOptionsConfiguration] Successfully set registry item 'HKEY_USERS\S-1-5-21-3404067106-2542481067-2947906702-1002\Software\Microsoft\Windows\CurrentVersion\Policies\Explorer\NoClose' => '1'.
2024-09-10 09:57:51.014 [10] - INFO: [UserPowerOptionsConfiguration] Successfully disabled feature.
2024-09-10 09:57:51.014 [10] - DEBUG: [FeatureConfigurationBackup] Attempting to load backup data from 'C:\Windows\system32\config\systemprofile\AppData\Local\SafeExamBrowser\Backup.bin'...
2024-09-10 09:57:51.030 [10] - DEBUG: [FeatureConfigurationBackup] Backup data successfully loaded, found 12 items.
2024-09-10 09:57:51.030 [10] - DEBUG: [FeatureConfigurationBackup] Attempting to save backup data to 'C:\Windows\system32\config\systemprofile\AppData\Local\SafeExamBrowser\Backup.bin'...
2024-09-10 09:57:51.030 [10] - DEBUG: [FeatureConfigurationBackup] Successfully saved 13 items.
2024-09-10 09:57:51.030 [10] - INFO: [FeatureConfigurationBackup] Successfully added WindowsUpdateConfiguration (9c7fd929-f666-4bcb-9fc1-f25d535e8394) to backup.
2024-09-10 09:57:51.030 [10] - DEBUG: [WindowsUpdateConfiguration] Attempt 1/5 to set service 'wuauserv' => 'stopped'...
2024-09-10 09:57:52.309 [10] - DEBUG: [WindowsUpdateConfiguration] Successfully set service 'wuauserv' => 'stopped'.
2024-09-10 09:57:52.309 [10] - INFO: [WindowsUpdateConfiguration] Successfully disabled feature.
2024-09-10 09:57:52.309 [10] - INFO: [FeatureConfigurationMonitor] Started monitoring.
2024-09-10 09:57:52.309 [10] - INFO: Lockdown successful.
2024-09-10 09:57:52.309 [10] - INFO: Successfully informed runtime about new session activation.
2024-09-10 09:57:52.309 [10] - INFO: ### ---------------------------------------- Session Running ----------------------------------------- ###
2024-09-10 09:57:52.309 [12] - DEBUG: [FeatureConfigurationMonitor] Checking 13 configurations...
2024-09-10 09:57:53.328 [10] - DEBUG: [FeatureConfigurationMonitor] Checking 13 configurations...
2024-09-10 09:57:54.346 [05] - DEBUG: [FeatureConfigurationMonitor] Checking 13 configurations...
2024-09-10 09:57:55.361 [10] - DEBUG: [FeatureConfigurationMonitor] Checking 13 configurations...
2024-09-10 09:57:56.373 [12] - DEBUG: [FeatureConfigurationMonitor] Checking 13 configurations...
2024-09-10 09:57:57.378 [10] - DEBUG: [FeatureConfigurationMonitor] Checking 13 configurations...
2024-09-10 09:57:58.387 [05] - DEBUG: [FeatureConfigurationMonitor] Checking 13 configurations...
2024-09-10 09:57:59.405 [12] - DEBUG: [FeatureConfigurationMonitor] Checking 13 configurations...
2024-09-10 09:58:00.421 [05] - DEBUG: [FeatureConfigurationMonitor] Checking 13 configurations...
2024-09-10 09:58:01.437 [10] - DEBUG: [FeatureConfigurationMonitor] Checking 13 configurations...
2024-09-10 09:58:02.445 [05] - DEBUG: [FeatureConfigurationMonitor] Checking 13 configurations...
2024-09-10 09:58:02.748 [14] - DEBUG: [ServiceHost] Received message 'SessionStopMessage', sending response 'SimpleResponse -> Acknowledged'.
2024-09-10 09:58:02.748 [12] - INFO: ### ------------------------------------- Session Stop Procedure ------------------------------------- ###
2024-09-10 09:58:02.748 [12] - INFO: Attempting to revert lockdown (feature configuration group: 1d4348e1-c726-4de9-a60b-d42382214a1e)...
2024-09-10 09:58:02.748 [12] - DEBUG: [FeatureConfigurationBackup] Attempting to load backup data from 'C:\Windows\system32\config\systemprofile\AppData\Local\SafeExamBrowser\Backup.bin'...
2024-09-10 09:58:02.758 [12] - DEBUG: [FeatureConfigurationBackup] Backup data successfully loaded, found 13 items.
2024-09-10 09:58:02.764 [12] - INFO: [FeatureConfigurationMonitor] Stopped monitoring.
2024-09-10 09:58:02.768 [12] - DEBUG: [ChangePasswordConfiguration] Successfully deleted registry item 'HKEY_USERS\S-1-5-21-3404067106-2542481067-2947906702-1002\Software\Microsoft\Windows\CurrentVersion\Policies\System\DisableChangePassword'.
2024-09-10 09:58:02.773 [12] - INFO: [ChangePasswordConfiguration] Successfully restored feature.
2024-09-10 09:58:02.773 [12] - DEBUG: [FeatureConfigurationBackup] Attempting to load backup data from 'C:\Windows\system32\config\systemprofile\AppData\Local\SafeExamBrowser\Backup.bin'...
2024-09-10 09:58:02.779 [12] - DEBUG: [FeatureConfigurationBackup] Backup data successfully loaded, found 13 items.
2024-09-10 09:58:02.780 [12] - DEBUG: [FeatureConfigurationBackup] Attempting to save backup data to 'C:\Windows\system32\config\systemprofile\AppData\Local\SafeExamBrowser\Backup.bin'...
2024-09-10 09:58:02.780 [12] - DEBUG: [FeatureConfigurationBackup] Successfully saved 12 items.
2024-09-10 09:58:02.780 [12] - INFO: [FeatureConfigurationBackup] Successfully removed ChangePasswordConfiguration (ea5fa5da-c3fb-4b34-9e4b-5ca6c98bb420) for user 'sowmya' from backup.
2024-09-10 09:58:02.780 [12] - DEBUG: [ChromeNotificationConfiguration] Successfully deleted registry item 'HKEY_USERS\S-1-5-21-3404067106-2542481067-2947906702-1002\Software\Policies\Google\Chrome\DefaultNotificationsSetting'.
2024-09-10 09:58:02.780 [12] - INFO: [ChromeNotificationConfiguration] Successfully restored feature.
2024-09-10 09:58:02.780 [12] - DEBUG: [FeatureConfigurationBackup] Attempting to load backup data from 'C:\Windows\system32\config\systemprofile\AppData\Local\SafeExamBrowser\Backup.bin'...
2024-09-10 09:58:02.780 [12] - DEBUG: [FeatureConfigurationBackup] Backup data successfully loaded, found 12 items.
2024-09-10 09:58:02.780 [12] - DEBUG: [FeatureConfigurationBackup] Attempting to save backup data to 'C:\Windows\system32\config\systemprofile\AppData\Local\SafeExamBrowser\Backup.bin'...
2024-09-10 09:58:02.788 [12] - DEBUG: [FeatureConfigurationBackup] Successfully saved 11 items.
2024-09-10 09:58:02.789 [12] - INFO: [FeatureConfigurationBackup] Successfully removed ChromeNotificationConfiguration (e9ebd9ee-cebc-45e3-8408-85c3b5f615f6) for user 'sowmya' from backup.
2024-09-10 09:58:02.789 [12] - DEBUG: [EaseOfAccessConfiguration] Successfully deleted registry item 'HKEY_LOCAL_MACHINE\Software\Microsoft\Windows NT\CurrentVersion\Image File Execution Options\Utilman.exe\Debugger'.
2024-09-10 09:58:02.789 [12] - INFO: [EaseOfAccessConfiguration] Successfully restored feature.
2024-09-10 09:58:02.789 [12] - DEBUG: [FeatureConfigurationBackup] Attempting to load backup data from 'C:\Windows\system32\config\systemprofile\AppData\Local\SafeExamBrowser\Backup.bin'...
2024-09-10 09:58:02.789 [12] - DEBUG: [FeatureConfigurationBackup] Backup data successfully loaded, found 11 items.
2024-09-10 09:58:02.789 [12] - DEBUG: [FeatureConfigurationBackup] Attempting to save backup data to 'C:\Windows\system32\config\systemprofile\AppData\Local\SafeExamBrowser\Backup.bin'...
2024-09-10 09:58:02.789 [12] - DEBUG: [FeatureConfigurationBackup] Successfully saved 10 items.
2024-09-10 09:58:02.789 [12] - INFO: [FeatureConfigurationBackup] Successfully removed EaseOfAccessConfiguration (83a23350-1a0d-4a8e-8568-16b4466b03f4) from backup.
2024-09-10 09:58:02.799 [12] - DEBUG: [FindPrinterConfiguration] Successfully deleted registry item 'HKEY_USERS\S-1-5-21-3404067106-2542481067-2947906702-1002\Software\Microsoft\Windows\CurrentVersion\Policies\Explorer\NoAddPrinter'.
2024-09-10 09:58:02.799 [12] - INFO: [FindPrinterConfiguration] Successfully restored feature.
2024-09-10 09:58:02.799 [12] - DEBUG: [FeatureConfigurationBackup] Attempting to load backup data from 'C:\Windows\system32\config\systemprofile\AppData\Local\SafeExamBrowser\Backup.bin'...
2024-09-10 09:58:02.799 [12] - DEBUG: [FeatureConfigurationBackup] Backup data successfully loaded, found 10 items.
2024-09-10 09:58:02.799 [12] - DEBUG: [FeatureConfigurationBackup] Attempting to save backup data to 'C:\Windows\system32\config\systemprofile\AppData\Local\SafeExamBrowser\Backup.bin'...
2024-09-10 09:58:02.809 [12] - DEBUG: [FeatureConfigurationBackup] Successfully saved 9 items.
2024-09-10 09:58:02.809 [12] - INFO: [FeatureConfigurationBackup] Successfully removed FindPrinterConfiguration (f6e13c0d-1303-4077-a4d8-18b5b9a1fc58) for user 'sowmya' from backup.
2024-09-10 09:58:02.809 [12] - DEBUG: [LockWorkstationConfiguration] Successfully deleted registry item 'HKEY_USERS\S-1-5-21-3404067106-2542481067-2947906702-1002\Software\Microsoft\Windows\CurrentVersion\Policies\System\DisableLockWorkstation'.
2024-09-10 09:58:02.809 [12] - INFO: [LockWorkstationConfiguration] Successfully restored feature.
2024-09-10 09:58:02.809 [12] - DEBUG: [FeatureConfigurationBackup] Attempting to load backup data from 'C:\Windows\system32\config\systemprofile\AppData\Local\SafeExamBrowser\Backup.bin'...
2024-09-10 09:58:02.811 [12] - DEBUG: [FeatureConfigurationBackup] Backup data successfully loaded, found 9 items.
2024-09-10 09:58:02.812 [12] - DEBUG: [FeatureConfigurationBackup] Attempting to save backup data to 'C:\Windows\system32\config\systemprofile\AppData\Local\SafeExamBrowser\Backup.bin'...
2024-09-10 09:58:02.812 [12] - DEBUG: [FeatureConfigurationBackup] Successfully saved 8 items.
2024-09-10 09:58:02.812 [12] - INFO: [FeatureConfigurationBackup] Successfully removed LockWorkstationConfiguration (cc93ea15-7f8c-4138-81c5-4676ba714775) for user 'sowmya' from backup.
2024-09-10 09:58:02.812 [12] - DEBUG: [MachinePowerOptionsConfiguration] Successfully deleted registry item 'HKEY_LOCAL_MACHINE\Software\Microsoft\Windows\CurrentVersion\Policies\Explorer\NoClose'.
2024-09-10 09:58:02.812 [12] - INFO: [MachinePowerOptionsConfiguration] Successfully restored feature.
2024-09-10 09:58:02.812 [12] - DEBUG: [FeatureConfigurationBackup] Attempting to load backup data from 'C:\Windows\system32\config\systemprofile\AppData\Local\SafeExamBrowser\Backup.bin'...
2024-09-10 09:58:02.812 [12] - DEBUG: [FeatureConfigurationBackup] Backup data successfully loaded, found 8 items.
2024-09-10 09:58:02.812 [12] - DEBUG: [FeatureConfigurationBackup] Attempting to save backup data to 'C:\Windows\system32\config\systemprofile\AppData\Local\SafeExamBrowser\Backup.bin'...
2024-09-10 09:58:02.819 [12] - DEBUG: [FeatureConfigurationBackup] Successfully saved 7 items.
2024-09-10 09:58:02.819 [12] - INFO: [FeatureConfigurationBackup] Successfully removed MachinePowerOptionsConfiguration (7c96e472-4462-4bba-8c0f-38fd6f9b246f) from backup.
2024-09-10 09:58:02.819 [12] - DEBUG: [NetworkOptionsConfiguration] Successfully deleted registry item 'HKEY_LOCAL_MACHINE\SOFTWARE\Policies\Microsoft\Windows\System\DontDisplayNetworkSelectionUI'.
2024-09-10 09:58:02.819 [12] - INFO: [NetworkOptionsConfiguration] Successfully restored feature.
2024-09-10 09:58:02.819 [12] - DEBUG: [FeatureConfigurationBackup] Attempting to load backup data from 'C:\Windows\system32\config\systemprofile\AppData\Local\SafeExamBrowser\Backup.bin'...
2024-09-10 09:58:02.819 [12] - DEBUG: [FeatureConfigurationBackup] Backup data successfully loaded, found 7 items.
2024-09-10 09:58:02.819 [12] - DEBUG: [FeatureConfigurationBackup] Attempting to save backup data to 'C:\Windows\system32\config\systemprofile\AppData\Local\SafeExamBrowser\Backup.bin'...
2024-09-10 09:58:02.819 [12] - DEBUG: [FeatureConfigurationBackup] Successfully saved 6 items.
2024-09-10 09:58:02.819 [12] - INFO: [FeatureConfigurationBackup] Successfully removed NetworkOptionsConfiguration (59c0c390-be84-44ce-ae88-4f32b8d2f526) from backup.
2024-09-10 09:58:02.827 [12] - DEBUG: [RemoteConnectionConfiguration] Successfully set registry item 'HKEY_LOCAL_MACHINE\SYSTEM\CurrentControlSet\Control\Terminal Server\fDenyTSConnections' => '1'.
2024-09-10 09:58:02.827 [12] - INFO: [RemoteConnectionConfiguration] Successfully restored feature.
2024-09-10 09:58:02.828 [12] - DEBUG: [FeatureConfigurationBackup] Attempting to load backup data from 'C:\Windows\system32\config\systemprofile\AppData\Local\SafeExamBrowser\Backup.bin'...
2024-09-10 09:58:02.828 [12] - DEBUG: [FeatureConfigurationBackup] Backup data successfully loaded, found 6 items.
2024-09-10 09:58:02.828 [12] - DEBUG: [FeatureConfigurationBackup] Attempting to save backup data to 'C:\Windows\system32\config\systemprofile\AppData\Local\SafeExamBrowser\Backup.bin'...
2024-09-10 09:58:02.828 [12] - DEBUG: [FeatureConfigurationBackup] Successfully saved 5 items.
2024-09-10 09:58:02.828 [12] - INFO: [FeatureConfigurationBackup] Successfully removed RemoteConnectionConfiguration (5a75275e-0993-4242-bcf1-bd3d4d47a7a8) from backup.
2024-09-10 09:58:02.828 [12] - DEBUG: [SignoutConfiguration] Successfully deleted registry item 'HKEY_USERS\S-1-5-21-3404067106-2542481067-2947906702-1002\Software\Microsoft\Windows\CurrentVersion\Policies\Explorer\NoLogoff'.
2024-09-10 09:58:02.828 [12] - INFO: [SignoutConfiguration] Successfully restored feature.
2024-09-10 09:58:02.828 [12] - DEBUG: [FeatureConfigurationBackup] Attempting to load backup data from 'C:\Windows\system32\config\systemprofile\AppData\Local\SafeExamBrowser\Backup.bin'...
2024-09-10 09:58:02.828 [12] - DEBUG: [FeatureConfigurationBackup] Backup data successfully loaded, found 5 items.
2024-09-10 09:58:02.828 [12] - DEBUG: [FeatureConfigurationBackup] Attempting to save backup data to 'C:\Windows\system32\config\systemprofile\AppData\Local\SafeExamBrowser\Backup.bin'...
2024-09-10 09:58:02.828 [12] - DEBUG: [FeatureConfigurationBackup] Successfully saved 4 items.
2024-09-10 09:58:02.828 [12] - INFO: [FeatureConfigurationBackup] Successfully removed SignoutConfiguration (2fa9da0b-056c-48a1-87c5-927fe75d6b8c) for user 'sowmya' from backup.
2024-09-10 09:58:02.828 [12] - DEBUG: [SwitchUserConfiguration] Successfully deleted registry item 'HKEY_LOCAL_MACHINE\Software\Microsoft\Windows\CurrentVersion\Policies\System\HideFastUserSwitching'.
2024-09-10 09:58:02.828 [12] - INFO: [SwitchUserConfiguration] Successfully restored feature.
2024-09-10 09:58:02.828 [12] - DEBUG: [FeatureConfigurationBackup] Attempting to load backup data from 'C:\Windows\system32\config\systemprofile\AppData\Local\SafeExamBrowser\Backup.bin'...
2024-09-10 09:58:02.839 [12] - DEBUG: [FeatureConfigurationBackup] Backup data successfully loaded, found 4 items.
2024-09-10 09:58:02.839 [12] - DEBUG: [FeatureConfigurationBackup] Attempting to save backup data to 'C:\Windows\system32\config\systemprofile\AppData\Local\SafeExamBrowser\Backup.bin'...
2024-09-10 09:58:02.839 [12] - DEBUG: [FeatureConfigurationBackup] Successfully saved 3 items.
2024-09-10 09:58:02.839 [12] - INFO: [FeatureConfigurationBackup] Successfully removed SwitchUserConfiguration (947424b6-6f23-4203-a18f-fc3e2a470d64) from backup.
2024-09-10 09:58:02.839 [12] - DEBUG: [TaskManagerConfiguration] Successfully deleted registry item 'HKEY_USERS\S-1-5-21-3404067106-2542481067-2947906702-1002\Software\Microsoft\Windows\CurrentVersion\Policies\System\DisableTaskMgr'.
2024-09-10 09:58:02.839 [12] - INFO: [TaskManagerConfiguration] Successfully restored feature.
2024-09-10 09:58:02.839 [12] - DEBUG: [FeatureConfigurationBackup] Attempting to load backup data from 'C:\Windows\system32\config\systemprofile\AppData\Local\SafeExamBrowser\Backup.bin'...
2024-09-10 09:58:02.839 [12] - DEBUG: [FeatureConfigurationBackup] Backup data successfully loaded, found 3 items.
2024-09-10 09:58:02.839 [12] - DEBUG: [FeatureConfigurationBackup] Attempting to save backup data to 'C:\Windows\system32\config\systemprofile\AppData\Local\SafeExamBrowser\Backup.bin'...
2024-09-10 09:58:02.843 [12] - DEBUG: [FeatureConfigurationBackup] Successfully saved 2 items.
2024-09-10 09:58:02.843 [12] - INFO: [FeatureConfigurationBackup] Successfully removed TaskManagerConfiguration (84b09e9c-6933-4742-819e-ba5a72832299) for user 'sowmya' from backup.
2024-09-10 09:58:02.843 [12] - DEBUG: [UserPowerOptionsConfiguration] Successfully deleted registry item 'HKEY_USERS\S-1-5-21-3404067106-2542481067-2947906702-1002\Software\Microsoft\Windows\CurrentVersion\Policies\Explorer\NoClose'.
2024-09-10 09:58:02.843 [12] - INFO: [UserPowerOptionsConfiguration] Successfully restored feature.
2024-09-10 09:58:02.843 [12] - DEBUG: [FeatureConfigurationBackup] Attempting to load backup data from 'C:\Windows\system32\config\systemprofile\AppData\Local\SafeExamBrowser\Backup.bin'...
2024-09-10 09:58:02.843 [12] - DEBUG: [FeatureConfigurationBackup] Backup data successfully loaded, found 2 items.
2024-09-10 09:58:02.843 [12] - DEBUG: [FeatureConfigurationBackup] Attempting to save backup data to 'C:\Windows\system32\config\systemprofile\AppData\Local\SafeExamBrowser\Backup.bin'...
2024-09-10 09:58:02.843 [12] - DEBUG: [FeatureConfigurationBackup] Successfully saved 1 items.
2024-09-10 09:58:02.848 [12] - INFO: [FeatureConfigurationBackup] Successfully removed UserPowerOptionsConfiguration (2d7424af-5fec-448f-a2f7-eb8ccfe514d9) for user 'sowmya' from backup.
2024-09-10 09:58:02.848 [12] - DEBUG: [WindowsUpdateConfiguration] Attempt 1/5 to set service 'wuauserv' => 'running'...
2024-09-10 09:58:03.159 [12] - DEBUG: [WindowsUpdateConfiguration] Successfully set service 'wuauserv' => 'running'.
2024-09-10 09:58:03.160 [12] - INFO: [WindowsUpdateConfiguration] Successfully restored feature.
2024-09-10 09:58:03.160 [12] - DEBUG: [FeatureConfigurationBackup] Attempting to load backup data from 'C:\Windows\system32\config\systemprofile\AppData\Local\SafeExamBrowser\Backup.bin'...
2024-09-10 09:58:03.160 [12] - DEBUG: [FeatureConfigurationBackup] Backup data successfully loaded, found 1 items.
2024-09-10 09:58:03.160 [12] - DEBUG: [FeatureConfigurationBackup] No backup data to save, deleted backup file.
2024-09-10 09:58:03.160 [12] - INFO: [FeatureConfigurationBackup] Successfully removed WindowsUpdateConfiguration (9c7fd929-f666-4bcb-9fc1-f25d535e8394) from backup.
2024-09-10 09:58:03.160 [12] - INFO: Lockdown reversion successful.
2024-09-10 09:58:03.160 [12] - INFO: Starting auto-restore mechanism...
2024-09-10 09:58:03.160 [12] - INFO: [AutoRestoreMechanism] Started auto-restore mechanism.
2024-09-10 09:58:03.160 [12] - INFO: Clearing session data...
2024-09-10 09:58:03.160 [12] - INFO: Successfully informed runtime about session termination.
2024-09-10 09:58:03.160 [12] - INFO: ### --------------------------------------- Session Terminated --------------------------------------- ###
2024-09-10 09:58:03.160 [05] - DEBUG: [FeatureConfigurationBackup] No backup data found under 'C:\Windows\system32\config\systemprofile\AppData\Local\SafeExamBrowser\Backup.bin'.
2024-09-10 09:58:03.160 [05] - INFO: [AutoRestoreMechanism] Nothing to restore, stopped auto-restore mechanism.
