/* Safe Exam Browser, Version 1.0.0.0, Build 1.0.0.0
/* Copyright © 2022 ETH Zürich, Educational Development and Technology (LET)
/* 
/* Please visit https://www.github.com/SafeExamBrowser for more information.

# Application started at 2024-09-10 09:58:35.769
# Running on Windows 11, Microsoft Windows NT 10.0.22631.0 (x64)
# Computer 'SOWMYA-11' is a Inspiron Inspiron 15 3511 manufactured by Dell Inc.
# Runtime-ID: 79a1b8a9-dcc8-4868-945e-9b0c3c9d1e2c

2024-09-10 09:58:35.981 [08] - INFO: Initiating startup procedure...
2024-09-10 09:58:36.007 [08] - INFO: Loading text data...
2024-09-10 09:58:36.007 [08] - DEBUG: [Text] System language is 'en', trying to load data...
2024-09-10 09:58:36.023 [08] - DEBUG: [Text] Data successfully loaded.
2024-09-10 09:58:36.023 [08] - INFO: Starting communication host...
2024-09-10 09:58:36.038 [04] - DEBUG: [RuntimeHost] Communication host is opening...
2024-09-10 09:58:36.070 [04] - DEBUG: [RuntimeHost] Communication host has been opened.
2024-09-10 09:58:36.070 [04] - DEBUG: [RuntimeHost] Successfully started communication host for endpoint 'net.pipe://localhost/MSB/runtime/f6585766-052e-45f3-8c2f-9ea035e5f7c5'.
2024-09-10 09:58:36.070 [08] - INFO: Attempting to verify application integrity...
2024-09-10 09:58:36.070 [08] - WARNING: [IntegrityModule] Integrity module is not available!
2024-09-10 09:58:36.070 [08] - WARNING: Failed to verify application integrity!
2024-09-10 09:58:36.082 [08] - INFO: Application successfully initialized.

2024-09-10 09:58:36.117 [08] - INFO: ### ------------------------------------ Session Start Procedure ------------------------------------- ###
2024-09-10 09:58:36.128 [08] - INFO: Initializing new session configuration...
2024-09-10 09:58:36.130 [08] - INFO:  -> Client-ID: 92673bad-7f49-4f47-9d33-c06c92df5e04
2024-09-10 09:58:36.130 [08] - INFO:  -> Runtime-ID: 79a1b8a9-dcc8-4868-945e-9b0c3c9d1e2c
2024-09-10 09:58:36.130 [08] - INFO:  -> Session-ID: c675329d-766e-4dc6-80d6-212e15f93b1a
2024-09-10 09:58:36.130 [08] - INFO: Initializing application configuration...
2024-09-10 09:58:36.134 [08] - INFO: Found configuration file in app data directory: 'file:///C:/Users/ADMIN/AppData/Roaming/SafeExamBrowser/SebClientSettings.seb'.
2024-09-10 09:58:36.134 [08] - INFO: [ConfigurationRepository] Attempting to load 'file:///C:/Users/ADMIN/AppData/Roaming/SafeExamBrowser/SebClientSettings.seb'...
2024-09-10 09:58:36.134 [08] - DEBUG: [FileResourceLoader] Can load 'file:///C:/Users/ADMIN/AppData/Roaming/SafeExamBrowser/SebClientSettings.seb' as it is an existing file.
2024-09-10 09:58:36.134 [08] - DEBUG: [FileResourceLoader] Loading data from 'file:///C:/Users/ADMIN/AppData/Roaming/SafeExamBrowser/SebClientSettings.seb'...
2024-09-10 09:58:36.134 [08] - DEBUG: [FileResourceLoader] Created 'System.IO.FileStream' for 4.141 KB data in 'file:///C:/Users/ADMIN/AppData/Roaming/SafeExamBrowser/SebClientSettings.seb'.
2024-09-10 09:58:36.134 [08] - INFO: [ConfigurationRepository] Tried to load data from 'file:///C:/Users/ADMIN/AppData/Roaming/SafeExamBrowser/SebClientSettings.seb' using FileResourceLoader -> Result: Success.
2024-09-10 09:58:36.149 [08] - DEBUG: [BinaryParser] 'System.IO.FileStream' starting with 'pwcc' matches the Binary format.
2024-09-10 09:58:36.149 [08] - DEBUG: [GZipCompressor] Starting decompression of 'System.IO.FileStream' with 4.141 KB data...
2024-09-10 09:58:36.149 [08] - DEBUG: [GZipCompressor] Successfully decompressed 4.141 KB to 4.118 KB data.
2024-09-10 09:58:36.149 [08] - DEBUG: [BinaryParser] Attempting to parse password block with prefix 'pwcc'...
2024-09-10 09:58:36.149 [08] - DEBUG: [PasswordEncryption] Parsing encryption header...
2024-09-10 09:58:36.149 [08] - DEBUG: [PasswordEncryption] Generating keys for authentication and decryption...
2024-09-10 09:58:36.322 [08] - DEBUG: [PasswordEncryption] Generating HMACs for authentication...
2024-09-10 09:58:36.322 [08] - DEBUG: [PasswordEncryption] Decrypting data...
2024-09-10 09:58:36.322 [08] - DEBUG: [GZipCompressor] Starting decompression of 'System.IO.MemoryStream' with 4.032 KB data...
2024-09-10 09:58:36.322 [08] - DEBUG: [GZipCompressor] Successfully decompressed 4.032 KB to 66.959 KB data.
2024-09-10 09:58:36.322 [08] - DEBUG: [BinaryParser] Attempting to parse plain data block...
2024-09-10 09:58:36.322 [08] - DEBUG: [XmlParser] Found root node, starting to parse data...
2024-09-10 09:58:36.322 [08] - DEBUG: [XmlParser] Finished parsing -> Result: Success.
2024-09-10 09:58:36.322 [08] - INFO: [ConfigurationRepository] Tried to parse data from 'System.IO.FileStream' using BinaryParser -> Result: Success.
2024-09-10 09:58:36.354 [08] - INFO: The configuration was successful.
2024-09-10 09:58:36.354 [08] - INFO: Remote proctoring is disabled, skipping disclaimer.
2024-09-10 09:58:36.354 [08] - INFO: Validating remote session policy...
2024-09-10 09:58:36.354 [08] - DEBUG: [RemoteSessionDetector] System appears not to be running in a remote session.
2024-09-10 09:58:36.369 [08] - INFO: Validating virtual machine policy...
2024-09-10 09:58:36.369 [08] - DEBUG: [VirtualMachineDetector] Computer 'SOWMYA-11' appears not to be a virtual machine.
2024-09-10 09:58:36.369 [08] - INFO: Validating display configuration...
2024-09-10 09:58:36.386 [08] - INFO: [DisplayMonitor] Detected active, internal display 'DISPLAY\BOE097D\4&1147db94&0&UID8388688_0' connected via 'Internal'.
2024-09-10 09:58:36.386 [08] - INFO: [DisplayMonitor] Detected 1 active displays, 5 are allowed.
2024-09-10 09:58:36.386 [08] - INFO: Display configuration is allowed.
2024-09-10 09:58:36.386 [08] - INFO: Initializing service...
2024-09-10 09:58:36.386 [08] - DEBUG: [ServiceProxy] Trying to connect to endpoint 'net.pipe://localhost/MSB/service'...
2024-09-10 09:58:36.386 [08] - DEBUG: [ServiceProxy] Communication channel is opening...
2024-09-10 09:58:36.404 [08] - DEBUG: [ServiceProxy] Communication channel has been opened.
2024-09-10 09:58:36.404 [08] - DEBUG: [ServiceProxy] Connection was established.
2024-09-10 09:58:36.404 [08] - INFO: The service is mandatory and connected.
2024-09-10 09:58:36.417 [08] - INFO: Starting new service session...
2024-09-10 09:58:36.417 [08] - DEBUG: [ServiceProxy] Sending message 'SessionStartMessage'...
2024-09-10 09:58:36.464 [08] - DEBUG: [ServiceProxy] Received response 'SimpleResponse -> Acknowledged' for message 'SessionStartMessage'.
2024-09-10 09:58:36.464 [08] - DEBUG: [ServiceProxy] Service acknowledged session start.
2024-09-10 09:58:37.804 [08] - INFO: Successfully started new service session.
2024-09-10 09:58:37.804 [08] - INFO: Initializing kiosk mode 'CreateNewDesktop'...
2024-09-10 09:58:37.808 [08] - DEBUG: [DesktopFactory] Found desktop handle for thread with ID = 6596. Attempting to get desktop name...
2024-09-10 09:58:37.808 [08] - DEBUG: [DesktopFactory] Successfully determined current desktop 'Default' [172].
2024-09-10 09:58:37.808 [08] - INFO: Current desktop is 'Default' [172].
2024-09-10 09:58:37.808 [08] - DEBUG: [DesktopFactory] Attempting to create new desktop 'SafeExamBrowser'...
2024-09-10 09:58:37.808 [08] - DEBUG: [DesktopFactory] Successfully created desktop 'SafeExamBrowser' [3084].
2024-09-10 09:58:37.808 [08] - INFO: Created new desktop 'SafeExamBrowser' [3084].
2024-09-10 09:58:37.836 [08] - INFO: Successfully activated new desktop.
2024-09-10 09:58:37.842 [08] - INFO: [DesktopMonitor] Started monitoring desktop 'SafeExamBrowser' [3084].
2024-09-10 09:58:37.844 [08] - INFO: Starting new client process...
2024-09-10 09:58:37.844 [08] - INFO: [ProcessFactory] Attempting to start process 'C:\Program Files\Mettl\MSB\Application\SafeExamBrowser.Client.exe'...
2024-09-10 09:58:37.914 [08] - INFO: [ProcessFactory] Successfully started process 'C:\Program Files\Mettl\MSB\Application\SafeExamBrowser.Client.exe' with ID = 2360.
2024-09-10 09:58:37.914 [08] - DEBUG: [Process 'SafeExamBrowser.Client.exe' (2360)] Initialized termination event.
2024-09-10 09:58:37.914 [08] - INFO: Waiting for client to complete initialization...
2024-09-10 09:58:38.384 [14] - DEBUG: [RuntimeHost] Received connection request with authentication token '68544496-cff5-4bb3-8ed4-4b6f1320465f'.
2024-09-10 09:58:38.384 [14] - DEBUG: [RuntimeHost] Accepted connection request.
2024-09-10 09:58:38.404 [16] - DEBUG: [RuntimeHost] Received message 'SimpleMessage -> ConfigurationNeeded', sending response 'ConfigurationResponse'.
2024-09-10 09:58:40.362 [14] - DEBUG: [RuntimeHost] Received message 'SimpleMessage -> ClientIsReady', sending response 'SimpleResponse -> Acknowledged'.
2024-09-10 09:58:40.362 [08] - INFO: Client has been successfully started and initialized. Creating communication proxy for client host...
2024-09-10 09:58:40.362 [08] - DEBUG: [ClientProxy] Trying to connect to endpoint 'net.pipe://localhost/MSB/client/8c9b02b7-f798-42f9-b91a-42780a630a2d' with authentication token '68544496-cff5-4bb3-8ed4-4b6f1320465f'...
2024-09-10 09:58:40.362 [08] - DEBUG: [ClientProxy] Communication channel is opening...
2024-09-10 09:58:40.396 [08] - DEBUG: [ClientProxy] Communication channel has been opened.
2024-09-10 09:58:40.410 [08] - DEBUG: [ClientProxy] Connection was established.
2024-09-10 09:58:40.410 [08] - INFO: Connection with client has been established. Requesting authentication...
2024-09-10 09:58:40.410 [08] - DEBUG: [ClientProxy] Sending message 'SimpleMessage -> Authenticate'...
2024-09-10 09:58:40.410 [08] - DEBUG: [ClientProxy] Received response 'AuthenticationResponse' for message 'SimpleMessage -> Authenticate'.
2024-09-10 09:58:40.410 [08] - DEBUG: [ClientProxy] Received authentication response.
2024-09-10 09:58:40.410 [08] - INFO: Authentication of client has been successful, client is ready to operate.
2024-09-10 09:58:40.410 [08] - INFO: Successfully started new client instance.
2024-09-10 09:58:40.425 [08] - INFO: Successfully activated first session 'c675329d-766e-4dc6-80d6-212e15f93b1a'.
2024-09-10 09:58:40.425 [08] - INFO: ### ---------------------------------------- Session Running ----------------------------------------- ###
2024-09-10 09:59:36.413 [07] - DEBUG: [ServiceProxy] Sending message 'SimpleMessage -> Ping'...
2024-09-10 09:59:36.413 [07] - DEBUG: [ServiceProxy] Received response 'SimpleResponse -> Acknowledged' for message 'SimpleMessage -> Ping'.
2024-09-10 09:59:36.420 [07] - INFO: [ServiceProxy] Pinged host, connection is alive.
2024-09-10 09:59:38.400 [14] - DEBUG: [RuntimeHost] Received message 'SimpleMessage -> Ping', sending response 'SimpleResponse -> Acknowledged'.
2024-09-10 09:59:40.424 [08] - DEBUG: [ClientProxy] Sending message 'SimpleMessage -> Ping'...
2024-09-10 09:59:40.426 [08] - DEBUG: [ClientProxy] Received response 'SimpleResponse -> Acknowledged' for message 'SimpleMessage -> Ping'.
2024-09-10 09:59:40.426 [08] - INFO: [ClientProxy] Pinged host, connection is alive.
2024-09-10 10:00:36.427 [08] - DEBUG: [ServiceProxy] Sending message 'SimpleMessage -> Ping'...
2024-09-10 10:00:36.429 [08] - DEBUG: [ServiceProxy] Received response 'SimpleResponse -> Acknowledged' for message 'SimpleMessage -> Ping'.
2024-09-10 10:00:36.429 [08] - INFO: [ServiceProxy] Pinged host, connection is alive.
2024-09-10 10:00:38.409 [10] - DEBUG: [RuntimeHost] Received message 'SimpleMessage -> Ping', sending response 'SimpleResponse -> Acknowledged'.
2024-09-10 10:00:40.428 [07] - DEBUG: [ClientProxy] Sending message 'SimpleMessage -> Ping'...
2024-09-10 10:00:40.429 [07] - DEBUG: [ClientProxy] Received response 'SimpleResponse -> Acknowledged' for message 'SimpleMessage -> Ping'.
2024-09-10 10:00:40.429 [07] - INFO: [ClientProxy] Pinged host, connection is alive.
2024-09-10 10:00:41.652 [14] - INFO: Received shutdown request from the client application.
2024-09-10 10:00:41.655 [14] - DEBUG: [RuntimeHost] Received message 'SimpleMessage -> RequestShutdown', sending response 'SimpleResponse -> Acknowledged'.
2024-09-10 10:00:41.659 [19] - INFO: ### ------------------------------------- Session Stop Procedure ------------------------------------- ###
2024-09-10 10:00:41.669 [19] - INFO: Instructing client to initiate shutdown procedure.
2024-09-10 10:00:41.675 [19] - DEBUG: [ClientProxy] Sending message 'SimpleMessage -> Shutdown'...
2024-09-10 10:00:41.679 [19] - DEBUG: [ClientProxy] Received response 'SimpleResponse -> Acknowledged' for message 'SimpleMessage -> Shutdown'.
2024-09-10 10:00:41.679 [19] - DEBUG: [ClientProxy] Client acknowledged shutdown request.
2024-09-10 10:00:41.681 [19] - INFO: Disconnecting from client communication host.
2024-09-10 10:00:41.691 [19] - DEBUG: [ClientProxy] Communication channel is closing...
2024-09-10 10:00:41.698 [19] - DEBUG: [ClientProxy] Communication channel has been closed.
2024-09-10 10:00:41.699 [19] - DEBUG: [ClientProxy] Disconnected from 'net.pipe://localhost/MSB/client/8c9b02b7-f798-42f9-b91a-42780a630a2d'.
2024-09-10 10:00:41.699 [19] - INFO: Waiting for client to disconnect from runtime communication host...
2024-09-10 10:00:44.472 [10] - DEBUG: [RuntimeHost] Received disconnection request with message 'DisconnectionMessage'.
2024-09-10 10:00:44.474 [19] - INFO: Waiting for client process to terminate...
2024-09-10 10:00:44.556 [16] - DEBUG: [Process 'SafeExamBrowser.Client.exe' (2360)] Process has terminated.
2024-09-10 10:00:44.557 [19] - INFO: Client has been successfully terminated.
2024-09-10 10:00:44.561 [19] - INFO: Reverting kiosk mode 'CreateNewDesktop'...
2024-09-10 10:00:44.564 [19] - INFO: [DesktopMonitor] Stopped monitoring desktop 'SafeExamBrowser' [3084].
2024-09-10 10:00:44.586 [19] - INFO: Switched back to original desktop 'Default' [172].
2024-09-10 10:00:44.588 [19] - INFO: Closed new desktop 'SafeExamBrowser' [3084].
2024-09-10 10:00:44.591 [19] - INFO: Finalizing service...
2024-09-10 10:00:44.593 [19] - INFO: Stopping current service session...
2024-09-10 10:00:44.594 [19] - DEBUG: [ServiceProxy] Sending message 'SessionStopMessage'...
2024-09-10 10:00:44.599 [19] - DEBUG: [ServiceProxy] Received response 'SimpleResponse -> Acknowledged' for message 'SessionStopMessage'.
2024-09-10 10:00:44.599 [19] - DEBUG: [ServiceProxy] Service acknowledged session stop.
2024-09-10 10:00:44.964 [19] - INFO: Successfully stopped service session.
2024-09-10 10:00:44.966 [19] - DEBUG: [ServiceProxy] Sending message 'SimpleMessage -> UpdateSystemConfiguration'...
2024-09-10 10:00:44.968 [19] - DEBUG: [ServiceProxy] Received response 'SimpleResponse -> Acknowledged' for message 'SimpleMessage -> UpdateSystemConfiguration'.
2024-09-10 10:00:44.969 [19] - DEBUG: [ServiceProxy] Service acknowledged system configuration update.
2024-09-10 10:00:44.970 [19] - INFO: Instructed service to perform system configuration update.
2024-09-10 10:00:44.972 [19] - DEBUG: [ServiceProxy] Communication channel is closing...
2024-09-10 10:00:44.975 [19] - DEBUG: [ServiceProxy] Communication channel has been closed.
2024-09-10 10:00:44.976 [19] - DEBUG: [ServiceProxy] Disconnected from 'net.pipe://localhost/MSB/service'.
2024-09-10 10:00:44.977 [19] - INFO: Successfully disconnected from service.
2024-09-10 10:00:44.979 [19] - INFO: ### --------------------------------------- Session Terminated --------------------------------------- ###

2024-09-10 10:00:44.996 [19] - INFO: Initiating shutdown procedure...
2024-09-10 10:00:44.997 [19] - INFO: Stopping communication host...
2024-09-10 10:00:44.999 [19] - DEBUG: [RuntimeHost] Communication host is closing...
2024-09-10 10:00:45.004 [19] - DEBUG: [RuntimeHost] Communication host has been closed.
2024-09-10 10:00:45.004 [19] - DEBUG: [RuntimeHost] Terminated communication host for endpoint 'net.pipe://localhost/MSB/runtime/f6585766-052e-45f3-8c2f-9ea035e5f7c5'.
2024-09-10 10:00:45.005 [19] - INFO: Application successfully finalized.

# Application terminated at 2024-09-10 10:00:45.020
