[0910/095842.342:INFO:CONSOLE(5)] "[autoblock] source consent: default", source: https://consent.trustarc.com/v2/autoblockasset/core.min.js?cmId=hhocnm&fullURL=https://tests.mettl.com/v2 (5)
[0910/095842.342:INFO:CONSOLE(5)] "[autoblock] consent levels: ", source: https://consent.trustarc.com/v2/autoblockasset/core.min.js?cmId=hhocnm&fullURL=https://tests.mettl.com/v2 (5)
[0910/095842.342:INFO:CONSOLE(5)] "[autoblock] domains: [object Object]", source: https://consent.trustarc.com/v2/autoblockasset/core.min.js?cmId=hhocnm&fullURL=https://tests.mettl.com/v2 (5)
[0910/095842.342:INFO:CONSOLE(5)] "[autoblock] Iframe blocking is enabled.", source: https://consent.trustarc.com/v2/autoblockasset/core.min.js?cmId=hhocnm&fullURL=https://tests.mettl.com/v2 (5)
[0910/095842.342:INFO:CONSOLE(5)] "[autoblock] Started", source: https://consent.trustarc.com/v2/autoblockasset/core.min.js?cmId=hhocnm&fullURL=https://tests.mettl.com/v2 (5)
[0910/095842.342:INFO:CONSOLE(5)] "[script] h: https://static.mettl.com/rr-web/static/js/main.808b80b8.js", source: https://consent.trustarc.com/v2/autoblockasset/core.min.js?cmId=hhocnm&fullURL=https://tests.mettl.com/v2 (5)
[0910/095842.342:INFO:CONSOLE(5)] "[img] h: https://static.mettl.com/rr-web/images/loader.gif", source: https://consent.trustarc.com/v2/autoblockasset/core.min.js?cmId=hhocnm&fullURL=https://tests.mettl.com/v2 (5)
[0910/095842.342:INFO:CONSOLE(5)] "[img] h: https://static.mettl.com/rr-web/images/loader.gif", source: https://consent.trustarc.com/v2/autoblockasset/core.min.js?cmId=hhocnm&fullURL=https://tests.mettl.com/v2 (5)
[0910/095842.342:INFO:CONSOLE(5)] "[img] h: https://static.mettl.com/rr-web/images/loader.gif", source: https://consent.trustarc.com/v2/autoblockasset/core.min.js?cmId=hhocnm&fullURL=https://tests.mettl.com/v2 (5)
[0910/095842.342:INFO:CONSOLE(5)] "[script] h: https://consent.trustarc.com/v2/notice/hhocnm", source: https://consent.trustarc.com/v2/autoblockasset/core.min.js?cmId=hhocnm&fullURL=https://tests.mettl.com/v2 (5)
[0910/095842.342:INFO:CONSOLE(5)] "[img] h: https://static.mettl.com/rr-web/images/error.svg", source: https://consent.trustarc.com/v2/autoblockasset/core.min.js?cmId=hhocnm&fullURL=https://tests.mettl.com/v2 (5)
[0910/095842.342:INFO:CONSOLE(5)] "[img] h: https://static.mettl.com/rr-web/images/error.svg", source: https://consent.trustarc.com/v2/autoblockasset/core.min.js?cmId=hhocnm&fullURL=https://tests.mettl.com/v2 (5)
[0910/095842.342:INFO:CONSOLE(5)] "[img] h: https://static.mettl.com/rr-web/images/error.svg", source: https://consent.trustarc.com/v2/autoblockasset/core.min.js?cmId=hhocnm&fullURL=https://tests.mettl.com/v2 (5)
[0910/095842.342:INFO:CONSOLE(5)] "[img] h: https://static.mettl.com/rr-web/images/error.svg", source: https://consent.trustarc.com/v2/autoblockasset/core.min.js?cmId=hhocnm&fullURL=https://tests.mettl.com/v2 (5)
[0910/095842.342:INFO:CONSOLE(5)] "[script] h: ", source: https://consent.trustarc.com/v2/autoblockasset/core.min.js?cmId=hhocnm&fullURL=https://tests.mettl.com/v2 (5)
[0910/095842.503:INFO:CONSOLE(5)] "[img] h: https://consent.trustarc.com/v2/asset/ic-error.svg", source: https://consent.trustarc.com/v2/autoblockasset/core.min.js?cmId=hhocnm&fullURL=https://tests.mettl.com/v2 (5)
[0910/095842.503:INFO:CONSOLE(5)] "[img] h: https://consent.trustarc.com/v2/asset/ic-close-white.svg", source: https://consent.trustarc.com/v2/autoblockasset/core.min.js?cmId=hhocnm&fullURL=https://tests.mettl.com/v2 (5)
[0910/095842.503:INFO:CONSOLE(5)] "[img] h: https://consent.trustarc.com/v2/asset/ic-error.svg", source: https://consent.trustarc.com/v2/autoblockasset/core.min.js?cmId=hhocnm&fullURL=https://tests.mettl.com/v2 (5)
[0910/095842.503:INFO:CONSOLE(5)] "[img] h: https://consent.trustarc.com/v2/asset/ic-close-white.svg", source: https://consent.trustarc.com/v2/autoblockasset/core.min.js?cmId=hhocnm&fullURL=https://tests.mettl.com/v2 (5)
[0910/095842.503:INFO:CONSOLE(5)] "[img] h: https://consent.trustarc.com/v2/asset/ic-close.svg", source: https://consent.trustarc.com/v2/autoblockasset/core.min.js?cmId=hhocnm&fullURL=https://tests.mettl.com/v2 (5)
[0910/095842.503:INFO:CONSOLE(5)] "[img] h: ", source: https://consent.trustarc.com/v2/autoblockasset/core.min.js?cmId=hhocnm&fullURL=https://tests.mettl.com/v2 (5)
[0910/095842.503:INFO:CONSOLE(5)] "[img] h: https://consent.trustarc.com/v2/asset/trustarc-logo-xs.svg", source: https://consent.trustarc.com/v2/autoblockasset/core.min.js?cmId=hhocnm&fullURL=https://tests.mettl.com/v2 (5)
[0910/095854.340:INFO:CONSOLE(2)] "Chrome: using SDP PlanB", source: https://static.mettl.com/rr-web/static/js/main.808b80b8.js (2)
[0910/095855.799:INFO:CONSOLE(5)] "[img] p: https://static.mettl.com/rr-web/images/mercer-mettl-new-logo-dark-final.svg", source: https://consent.trustarc.com/v2/autoblockasset/core.min.js?cmId=hhocnm&fullURL=https://tests.mettl.com/v2 (5)
[0910/095855.815:INFO:CONSOLE(5)] "[img] p: https://static.mettl.com/rr-web/images/carousel1.svg", source: https://consent.trustarc.com/v2/autoblockasset/core.min.js?cmId=hhocnm&fullURL=https://tests.mettl.com/v2 (5)
[0910/095855.815:INFO:CONSOLE(5)] "[img] p: https://static.mettl.com/rr-web/images/carousel2.svg", source: https://consent.trustarc.com/v2/autoblockasset/core.min.js?cmId=hhocnm&fullURL=https://tests.mettl.com/v2 (5)
[0910/095855.815:INFO:CONSOLE(5)] "[img] p: https://static.mettl.com/rr-web/images/carousel3.svg", source: https://consent.trustarc.com/v2/autoblockasset/core.min.js?cmId=hhocnm&fullURL=https://tests.mettl.com/v2 (5)
[0910/095855.831:INFO:CONSOLE(5)] "[img] p: https://static.mettl.com/rr-web/images/mercer-mettl-new-logo-dark-final.svg", source: https://consent.trustarc.com/v2/autoblockasset/core.min.js?cmId=hhocnm&fullURL=https://tests.mettl.com/v2 (5)
[0910/095855.903:INFO:CONSOLE(2)] "Proctoring init data. [object Object]", source: https://static.mettl.com/rr-web/static/js/main.808b80b8.js (2)
[0910/095855.903:INFO:CONSOLE(2)] "Start proctoring web service communication. undefined", source: https://static.mettl.com/rr-web/static/js/main.808b80b8.js (2)
[0910/095855.919:INFO:CONSOLE(5)] "[img] p: https://static.mettl.com/rr-web/images/internet-disconnection.svg", source: https://consent.trustarc.com/v2/autoblockasset/core.min.js?cmId=hhocnm&fullURL=https://tests.mettl.com/v2 (5)
[0910/095855.919:INFO:CONSOLE(5)] "[img] p: https://static.mettl.com/rr-web/images/server-not-responding.svg", source: https://consent.trustarc.com/v2/autoblockasset/core.min.js?cmId=hhocnm&fullURL=https://tests.mettl.com/v2 (5)
[0910/095855.919:INFO:CONSOLE(5)] "[img] p: https://static.mettl.com/rr-web/images/navigate-exceed.svg", source: https://consent.trustarc.com/v2/autoblockasset/core.min.js?cmId=hhocnm&fullURL=https://tests.mettl.com/v2 (5)
[0910/095855.919:INFO:CONSOLE(5)] "[img] p: https://static.mettl.com/rr-web/images/navigation-new.svg", source: https://consent.trustarc.com/v2/autoblockasset/core.min.js?cmId=hhocnm&fullURL=https://tests.mettl.com/v2 (5)
[0910/095855.919:INFO:CONSOLE(5)] "[img] p: https://static.mettl.com/rr-web/images/navigate-away.svg", source: https://consent.trustarc.com/v2/autoblockasset/core.min.js?cmId=hhocnm&fullURL=https://tests.mettl.com/v2 (5)
[0910/095855.919:INFO:CONSOLE(5)] "[img] p: https://static.mettl.com/rr-web/images/time-over.svg", source: https://consent.trustarc.com/v2/autoblockasset/core.min.js?cmId=hhocnm&fullURL=https://tests.mettl.com/v2 (5)
[0910/095855.919:INFO:CONSOLE(5)] "[img] p: https://static.mettl.com/rr-web/images/loader.gif", source: https://consent.trustarc.com/v2/autoblockasset/core.min.js?cmId=hhocnm&fullURL=https://tests.mettl.com/v2 (5)
[0910/095855.919:INFO:CONSOLE(5)] "[img] p: https://static.mettl.com/rr-web/images/ts-feedback.png", source: https://consent.trustarc.com/v2/autoblockasset/core.min.js?cmId=hhocnm&fullURL=https://tests.mettl.com/v2 (5)
[0910/095855.919:INFO:CONSOLE(5)] "[img] p: https://static.mettl.com/rr-web/images/network-error.svg", source: https://consent.trustarc.com/v2/autoblockasset/core.min.js?cmId=hhocnm&fullURL=https://tests.mettl.com/v2 (5)
[0910/095855.919:INFO:CONSOLE(5)] "[img] p: https://static.mettl.com/rr-web/images/test-paused.svg", source: https://consent.trustarc.com/v2/autoblockasset/core.min.js?cmId=hhocnm&fullURL=https://tests.mettl.com/v2 (5)
[0910/095855.919:INFO:CONSOLE(5)] "[img] p: https://static.mettl.com/rr-web/images/resume-test.svg", source: https://consent.trustarc.com/v2/autoblockasset/core.min.js?cmId=hhocnm&fullURL=https://tests.mettl.com/v2 (5)
[0910/095855.919:INFO:CONSOLE(5)] "[img] p: https://static.mettl.com/rr-web/images/webcam.svg", source: https://consent.trustarc.com/v2/autoblockasset/core.min.js?cmId=hhocnm&fullURL=https://tests.mettl.com/v2 (5)
[0910/095855.919:INFO:CONSOLE(5)] "[img] p: https://static.mettl.com/rr-web/images/monitored-session.svg", source: https://consent.trustarc.com/v2/autoblockasset/core.min.js?cmId=hhocnm&fullURL=https://tests.mettl.com/v2 (5)
[0910/095855.919:INFO:CONSOLE(5)] "[img] p: https://static.mettl.com/rr-web/images/setting-up.svg", source: https://consent.trustarc.com/v2/autoblockasset/core.min.js?cmId=hhocnm&fullURL=https://tests.mettl.com/v2 (5)
[0910/095855.919:INFO:CONSOLE(5)] "[img] p: https://static.mettl.com/rr-web/images/response-saved.svg", source: https://consent.trustarc.com/v2/autoblockasset/core.min.js?cmId=hhocnm&fullURL=https://tests.mettl.com/v2 (5)
[0910/095855.919:INFO:CONSOLE(5)] "[img] p: https://static.mettl.com/rr-web/images/assessment-loading-failed.svg", source: https://consent.trustarc.com/v2/autoblockasset/core.min.js?cmId=hhocnm&fullURL=https://tests.mettl.com/v2 (5)
[0910/095855.919:INFO:CONSOLE(5)] "[img] p: https://static.mettl.com/rr-web/images/proctoring/block-screen.svg", source: https://consent.trustarc.com/v2/autoblockasset/core.min.js?cmId=hhocnm&fullURL=https://tests.mettl.com/v2 (5)
[0910/095855.919:INFO:CONSOLE(5)] "[img] p: https://static.mettl.com/rr-web/images/proctoring/user-info-image.svg", source: https://consent.trustarc.com/v2/autoblockasset/core.min.js?cmId=hhocnm&fullURL=https://tests.mettl.com/v2 (5)
[0910/095855.919:INFO:CONSOLE(5)] "[img] p: https://static.mettl.com/rr-web/images/proctoring/session-error.svg", source: https://consent.trustarc.com/v2/autoblockasset/core.min.js?cmId=hhocnm&fullURL=https://tests.mettl.com/v2 (5)
[0910/095855.919:INFO:CONSOLE(5)] "[img] p: https://static.mettl.com/rr-web/images/Wifi_Strong.svg", source: https://consent.trustarc.com/v2/autoblockasset/core.min.js?cmId=hhocnm&fullURL=https://tests.mettl.com/v2 (5)
[0910/095855.919:INFO:CONSOLE(5)] "[img] p: https://static.mettl.com/rr-web/images/Wifi_moderate.svg", source: https://consent.trustarc.com/v2/autoblockasset/core.min.js?cmId=hhocnm&fullURL=https://tests.mettl.com/v2 (5)
[0910/095855.919:INFO:CONSOLE(5)] "[img] p: https://static.mettl.com/rr-web/images/Wifi_weak.svg", source: https://consent.trustarc.com/v2/autoblockasset/core.min.js?cmId=hhocnm&fullURL=https://tests.mettl.com/v2 (5)
[0910/095855.919:INFO:CONSOLE(5)] "[img] p: https://static.mettl.com/rr-web/images/empty_widget.svg", source: https://consent.trustarc.com/v2/autoblockasset/core.min.js?cmId=hhocnm&fullURL=https://tests.mettl.com/v2 (5)
[0910/095855.919:INFO:CONSOLE(5)] "[img] p: https://static.mettl.com/rr-web/images/filter-group.svg", source: https://consent.trustarc.com/v2/autoblockasset/core.min.js?cmId=hhocnm&fullURL=https://tests.mettl.com/v2 (5)
[0910/095855.919:INFO:CONSOLE(5)] "[img] p: https://static.mettl.com/rr-web/images/filter-group-active.svg", source: https://consent.trustarc.com/v2/autoblockasset/core.min.js?cmId=hhocnm&fullURL=https://tests.mettl.com/v2 (5)
[0910/095855.919:INFO:CONSOLE(5)] "[img] p: https://static.mettl.com/rr-web/images/proctoring/mobileProctoring/dual-camera-ref-image.png", source: https://consent.trustarc.com/v2/autoblockasset/core.min.js?cmId=hhocnm&fullURL=https://tests.mettl.com/v2 (5)
[0910/095855.919:INFO:CONSOLE(5)] "[img] h: https://static.mettl.com/rr-web/images/mercer-mettl-new-logo-dark-final.svg", source: https://consent.trustarc.com/v2/autoblockasset/core.min.js?cmId=hhocnm&fullURL=https://tests.mettl.com/v2 (5)
[0910/095855.927:INFO:CONSOLE(5)] "[img] h: https://static.mettl.com/rr-web/images/carousel1.svg", source: https://consent.trustarc.com/v2/autoblockasset/core.min.js?cmId=hhocnm&fullURL=https://tests.mettl.com/v2 (5)
[0910/095855.927:INFO:CONSOLE(5)] "[img] h: https://static.mettl.com/rr-web/images/carousel2.svg", source: https://consent.trustarc.com/v2/autoblockasset/core.min.js?cmId=hhocnm&fullURL=https://tests.mettl.com/v2 (5)
[0910/095855.927:INFO:CONSOLE(5)] "[img] h: https://static.mettl.com/rr-web/images/carousel3.svg", source: https://consent.trustarc.com/v2/autoblockasset/core.min.js?cmId=hhocnm&fullURL=https://tests.mettl.com/v2 (5)
[0910/095855.927:INFO:CONSOLE(5)] "[img] h: https://static.mettl.com/rr-web/images/mercer-mettl-new-logo-dark-final.svg", source: https://consent.trustarc.com/v2/autoblockasset/core.min.js?cmId=hhocnm&fullURL=https://tests.mettl.com/v2 (5)
[0910/095855.927:INFO:CONSOLE(5)] "[img] h: https://static.mettl.com/rr-web/images/internet-disconnection.svg", source: https://consent.trustarc.com/v2/autoblockasset/core.min.js?cmId=hhocnm&fullURL=https://tests.mettl.com/v2 (5)
[0910/095855.927:INFO:CONSOLE(5)] "[img] h: https://static.mettl.com/rr-web/images/server-not-responding.svg", source: https://consent.trustarc.com/v2/autoblockasset/core.min.js?cmId=hhocnm&fullURL=https://tests.mettl.com/v2 (5)
[0910/095855.927:INFO:CONSOLE(5)] "[img] h: https://static.mettl.com/rr-web/images/navigate-exceed.svg", source: https://consent.trustarc.com/v2/autoblockasset/core.min.js?cmId=hhocnm&fullURL=https://tests.mettl.com/v2 (5)
[0910/095855.927:INFO:CONSOLE(5)] "[img] h: https://static.mettl.com/rr-web/images/navigation-new.svg", source: https://consent.trustarc.com/v2/autoblockasset/core.min.js?cmId=hhocnm&fullURL=https://tests.mettl.com/v2 (5)
[0910/095855.927:INFO:CONSOLE(5)] "[img] h: https://static.mettl.com/rr-web/images/navigate-away.svg", source: https://consent.trustarc.com/v2/autoblockasset/core.min.js?cmId=hhocnm&fullURL=https://tests.mettl.com/v2 (5)
[0910/095855.927:INFO:CONSOLE(5)] "[img] h: https://static.mettl.com/rr-web/images/time-over.svg", source: https://consent.trustarc.com/v2/autoblockasset/core.min.js?cmId=hhocnm&fullURL=https://tests.mettl.com/v2 (5)
[0910/095855.927:INFO:CONSOLE(5)] "[img] h: https://static.mettl.com/rr-web/images/loader.gif", source: https://consent.trustarc.com/v2/autoblockasset/core.min.js?cmId=hhocnm&fullURL=https://tests.mettl.com/v2 (5)
[0910/095855.927:INFO:CONSOLE(5)] "[img] h: https://static.mettl.com/rr-web/images/ts-feedback.png", source: https://consent.trustarc.com/v2/autoblockasset/core.min.js?cmId=hhocnm&fullURL=https://tests.mettl.com/v2 (5)
[0910/095855.927:INFO:CONSOLE(5)] "[img] h: https://static.mettl.com/rr-web/images/network-error.svg", source: https://consent.trustarc.com/v2/autoblockasset/core.min.js?cmId=hhocnm&fullURL=https://tests.mettl.com/v2 (5)
[0910/095855.927:INFO:CONSOLE(5)] "[img] h: https://static.mettl.com/rr-web/images/test-paused.svg", source: https://consent.trustarc.com/v2/autoblockasset/core.min.js?cmId=hhocnm&fullURL=https://tests.mettl.com/v2 (5)
[0910/095855.927:INFO:CONSOLE(5)] "[img] h: https://static.mettl.com/rr-web/images/resume-test.svg", source: https://consent.trustarc.com/v2/autoblockasset/core.min.js?cmId=hhocnm&fullURL=https://tests.mettl.com/v2 (5)
[0910/095855.927:INFO:CONSOLE(5)] "[img] h: https://static.mettl.com/rr-web/images/webcam.svg", source: https://consent.trustarc.com/v2/autoblockasset/core.min.js?cmId=hhocnm&fullURL=https://tests.mettl.com/v2 (5)
[0910/095855.927:INFO:CONSOLE(5)] "[img] h: https://static.mettl.com/rr-web/images/monitored-session.svg", source: https://consent.trustarc.com/v2/autoblockasset/core.min.js?cmId=hhocnm&fullURL=https://tests.mettl.com/v2 (5)
[0910/095855.927:INFO:CONSOLE(5)] "[img] h: https://static.mettl.com/rr-web/images/setting-up.svg", source: https://consent.trustarc.com/v2/autoblockasset/core.min.js?cmId=hhocnm&fullURL=https://tests.mettl.com/v2 (5)
[0910/095855.927:INFO:CONSOLE(5)] "[img] h: https://static.mettl.com/rr-web/images/response-saved.svg", source: https://consent.trustarc.com/v2/autoblockasset/core.min.js?cmId=hhocnm&fullURL=https://tests.mettl.com/v2 (5)
[0910/095855.927:INFO:CONSOLE(5)] "[img] h: https://static.mettl.com/rr-web/images/assessment-loading-failed.svg", source: https://consent.trustarc.com/v2/autoblockasset/core.min.js?cmId=hhocnm&fullURL=https://tests.mettl.com/v2 (5)
[0910/095855.927:INFO:CONSOLE(5)] "[img] h: https://static.mettl.com/rr-web/images/proctoring/block-screen.svg", source: https://consent.trustarc.com/v2/autoblockasset/core.min.js?cmId=hhocnm&fullURL=https://tests.mettl.com/v2 (5)
[0910/095855.927:INFO:CONSOLE(5)] "[img] h: https://static.mettl.com/rr-web/images/proctoring/user-info-image.svg", source: https://consent.trustarc.com/v2/autoblockasset/core.min.js?cmId=hhocnm&fullURL=https://tests.mettl.com/v2 (5)
[0910/095855.927:INFO:CONSOLE(5)] "[img] h: https://static.mettl.com/rr-web/images/proctoring/session-error.svg", source: https://consent.trustarc.com/v2/autoblockasset/core.min.js?cmId=hhocnm&fullURL=https://tests.mettl.com/v2 (5)
[0910/095855.927:INFO:CONSOLE(5)] "[img] h: https://static.mettl.com/rr-web/images/Wifi_Strong.svg", source: https://consent.trustarc.com/v2/autoblockasset/core.min.js?cmId=hhocnm&fullURL=https://tests.mettl.com/v2 (5)
[0910/095855.927:INFO:CONSOLE(5)] "[img] h: https://static.mettl.com/rr-web/images/Wifi_moderate.svg", source: https://consent.trustarc.com/v2/autoblockasset/core.min.js?cmId=hhocnm&fullURL=https://tests.mettl.com/v2 (5)
[0910/095855.927:INFO:CONSOLE(5)] "[img] h: https://static.mettl.com/rr-web/images/Wifi_weak.svg", source: https://consent.trustarc.com/v2/autoblockasset/core.min.js?cmId=hhocnm&fullURL=https://tests.mettl.com/v2 (5)
[0910/095855.927:INFO:CONSOLE(5)] "[img] h: https://static.mettl.com/rr-web/images/empty_widget.svg", source: https://consent.trustarc.com/v2/autoblockasset/core.min.js?cmId=hhocnm&fullURL=https://tests.mettl.com/v2 (5)
[0910/095855.927:INFO:CONSOLE(5)] "[img] h: https://static.mettl.com/rr-web/images/filter-group.svg", source: https://consent.trustarc.com/v2/autoblockasset/core.min.js?cmId=hhocnm&fullURL=https://tests.mettl.com/v2 (5)
[0910/095855.927:INFO:CONSOLE(5)] "[img] h: https://static.mettl.com/rr-web/images/filter-group-active.svg", source: https://consent.trustarc.com/v2/autoblockasset/core.min.js?cmId=hhocnm&fullURL=https://tests.mettl.com/v2 (5)
[0910/095855.927:INFO:CONSOLE(5)] "[img] h: https://static.mettl.com/rr-web/images/proctoring/mobileProctoring/dual-camera-ref-image.png", source: https://consent.trustarc.com/v2/autoblockasset/core.min.js?cmId=hhocnm&fullURL=https://tests.mettl.com/v2 (5)
[0910/095901.112:INFO:CONSOLE(5)] "[img] p: https://static.mettl.com/rr-web/images/mercer-mettl-new-logo-dark-final.svg", source: https://consent.trustarc.com/v2/autoblockasset/core.min.js?cmId=hhocnm&fullURL=https://tests.mettl.com/v2 (5)
[0910/095901.122:INFO:CONSOLE(5)] "[img] p: https://static.mettl.com/rr-web/images/Wifi_Strong.svg", source: https://consent.trustarc.com/v2/autoblockasset/core.min.js?cmId=hhocnm&fullURL=https://tests.mettl.com/v2 (5)
[0910/095901.132:INFO:CONSOLE(5)] "[img] p: https://static.mettl.com/rr-web/images/mercer-mettl-new-logo-bright-final.svg", source: https://consent.trustarc.com/v2/autoblockasset/core.min.js?cmId=hhocnm&fullURL=https://tests.mettl.com/v2 (5)
[0910/095901.135:INFO:CONSOLE(5)] "[img] p: https://static.mettl.com/rr-web/images/mercer-mettl-new-logo-bright-final.svg", source: https://consent.trustarc.com/v2/autoblockasset/core.min.js?cmId=hhocnm&fullURL=https://tests.mettl.com/v2 (5)
[0910/095901.175:INFO:CONSOLE(5)] "[script] p: https://salesiq.zoho.com/widget", source: https://consent.trustarc.com/v2/autoblockasset/core.min.js?cmId=hhocnm&fullURL=https://tests.mettl.com/v2 (5)
[0910/095901.200:INFO:CONSOLE(5)] "[img] h: https://static.mettl.com/rr-web/images/mercer-mettl-new-logo-dark-final.svg", source: https://consent.trustarc.com/v2/autoblockasset/core.min.js?cmId=hhocnm&fullURL=https://tests.mettl.com/v2 (5)
[0910/095901.200:INFO:CONSOLE(5)] "[img] h: https://static.mettl.com/rr-web/images/Wifi_Strong.svg", source: https://consent.trustarc.com/v2/autoblockasset/core.min.js?cmId=hhocnm&fullURL=https://tests.mettl.com/v2 (5)
[0910/095901.200:INFO:CONSOLE(5)] "[img] h: https://static.mettl.com/rr-web/images/mercer-mettl-new-logo-bright-final.svg", source: https://consent.trustarc.com/v2/autoblockasset/core.min.js?cmId=hhocnm&fullURL=https://tests.mettl.com/v2 (5)
[0910/095901.200:INFO:CONSOLE(5)] "[img] h: https://static.mettl.com/rr-web/images/mercer-mettl-new-logo-bright-final.svg", source: https://consent.trustarc.com/v2/autoblockasset/core.min.js?cmId=hhocnm&fullURL=https://tests.mettl.com/v2 (5)
[0910/095901.200:INFO:CONSOLE(5)] "[script] h: https://salesiq.zoho.com/widget", source: https://consent.trustarc.com/v2/autoblockasset/core.min.js?cmId=hhocnm&fullURL=https://tests.mettl.com/v2 (5)
[0910/095901.200:INFO:CONSOLE(5)] "[script] h: https://salesiq.zoho.com/widget", source: https://consent.trustarc.com/v2/autoblockasset/core.min.js?cmId=hhocnm&fullURL=https://tests.mettl.com/v2 (5)
[0910/095901.303:INFO:CONSOLE(2)] "New Message arrived from proctoring web service [object Object]", source: https://static.mettl.com/rr-web/static/js/main.808b80b8.js (2)
[0910/095901.309:INFO:CONSOLE(2)] "Send Callback method to MSB.", source: https://static.mettl.com/rr-web/static/js/main.808b80b8.js (2)
[0910/095901.366:INFO:CONSOLE(2)] "New Message arrived from proctoring web service [object Object]", source: https://static.mettl.com/rr-web/static/js/main.808b80b8.js (2)
[0910/095901.366:INFO:CONSOLE(2)] "Cef Sharp: New Message send to MSB to request data:  {"type":"PING"}", source: https://static.mettl.com/rr-web/static/js/main.808b80b8.js (2)
[0910/095901.454:INFO:CONSOLE(2)] "New Message arrived from proctoring web service [object Object]", source: https://static.mettl.com/rr-web/static/js/main.808b80b8.js (2)
[0910/095901.454:INFO:CONSOLE(2)] "New Message arrived from MSB via cef sharp library:  {"type":"PONG","data":""}", source: https://static.mettl.com/rr-web/static/js/main.808b80b8.js (2)
[0910/095901.454:INFO:CONSOLE(2)] "New Message arrived from proctoring web service [object Object]", source: https://static.mettl.com/rr-web/static/js/main.808b80b8.js (2)
[0910/095902.188:INFO:CONSOLE(2)] "Run Diagnostics call arrived.", source: https://static.mettl.com/rr-web/static/js/main.808b80b8.js (2)
[0910/095902.614:INFO:CONSOLE(2)] "Detect Rtc Loaded. Data:  [object Object]", source: https://static.mettl.com/rr-web/static/js/main.808b80b8.js (2)
[0910/095902.617:INFO:CONSOLE(2)] "Running media diagnostics.", source: https://static.mettl.com/rr-web/static/js/main.808b80b8.js (2)
[0910/095903.978:INFO:CONSOLE(5)] "[script] p: https://js.zohocdn.com/salesiq/js/floatbutton1_gagAduz5tiLSaBz7XRSC6p-M4kbireaUx12UCBqdoxV8brFf-iczAg0VKg-2ght8_.js", source: https://consent.trustarc.com/v2/autoblockasset/core.min.js?cmId=hhocnm&fullURL=https://tests.mettl.com/v2 (5)
[0910/095903.978:INFO:CONSOLE(5)] "[script] h: https://js.zohocdn.com/salesiq/js/floatbutton1_gagAduz5tiLSaBz7XRSC6p-M4kbireaUx12UCBqdoxV8brFf-iczAg0VKg-2ght8_.js", source: https://consent.trustarc.com/v2/autoblockasset/core.min.js?cmId=hhocnm&fullURL=https://tests.mettl.com/v2 (5)
[0910/095903.982:INFO:CONSOLE(2)] "media constraints are: [object Object]", source: https://static.mettl.com/rr-web/static/js/main.808b80b8.js (2)
[0910/095905.964:INFO:CONSOLE(2)] "Success in getUserMedia. Stream:  [object MediaStream]", source: https://static.mettl.com/rr-web/static/js/main.808b80b8.js (2)
[0910/095905.964:INFO:CONSOLE(2)] "Skipping Multiple webcam check bcoz only audio required.", source: https://static.mettl.com/rr-web/static/js/main.808b80b8.js (2)
[0910/095905.964:INFO:CONSOLE(2)] "Microphone found : [object MediaStreamTrack]", source: https://static.mettl.com/rr-web/static/js/main.808b80b8.js (2)
[0910/095905.964:INFO:CONSOLE(2)] "WebCam found : ", source: https://static.mettl.com/rr-web/static/js/main.808b80b8.js (2)
[0910/095905.968:INFO:CONSOLE(2)] "New Message arrived from proctoring web service [object Object]", source: https://static.mettl.com/rr-web/static/js/main.808b80b8.js (2)
[0910/095905.973:INFO:CONSOLE(2)] "Proctoring Diagnostic Completed. List:  [object Object]", source: https://static.mettl.com/rr-web/static/js/main.808b80b8.js (2)
[0910/095905.973:INFO:CONSOLE(2)] "New Message arrived from proctoring web service [object Object]", source: https://static.mettl.com/rr-web/static/js/main.808b80b8.js (2)
[0910/095910.107:INFO:CONSOLE(2)] "Doing File upload check for:  [object Blob]", source: https://static.mettl.com/rr-web/static/js/main.808b80b8.js (2)
[0910/095910.799:INFO:CONSOLE(5)] "[script] p: /v2/plugins/carnegie/audioFileReader.js", source: https://consent.trustarc.com/v2/autoblockasset/core.min.js?cmId=hhocnm&fullURL=https://tests.mettl.com/v2 (5)
[0910/095910.799:INFO:CONSOLE(5)] "[script] p: /v2/plugins/carnegie/audioQualityAnalyser.js", source: https://consent.trustarc.com/v2/autoblockasset/core.min.js?cmId=hhocnm&fullURL=https://tests.mettl.com/v2 (5)
[0910/095910.799:INFO:CONSOLE(5)] "[script] h: https://tests.mettl.com/v2/plugins/carnegie/audioFileReader.js", source: https://consent.trustarc.com/v2/autoblockasset/core.min.js?cmId=hhocnm&fullURL=https://tests.mettl.com/v2 (5)
[0910/095910.799:INFO:CONSOLE(5)] "[script] h: https://tests.mettl.com/v2/plugins/carnegie/audioQualityAnalyser.js", source: https://consent.trustarc.com/v2/autoblockasset/core.min.js?cmId=hhocnm&fullURL=https://tests.mettl.com/v2 (5)
[0910/095910.942:INFO:CONSOLE(5)] "[img] p: https://static.mettl.com/rr-web/images/audioIntructions/audio-inst1.svg", source: https://consent.trustarc.com/v2/autoblockasset/core.min.js?cmId=hhocnm&fullURL=https://tests.mettl.com/v2 (5)
[0910/095910.942:INFO:CONSOLE(5)] "[img] p: https://static.mettl.com/rr-web/images/audioIntructions/audio-inst2.svg", source: https://consent.trustarc.com/v2/autoblockasset/core.min.js?cmId=hhocnm&fullURL=https://tests.mettl.com/v2 (5)
[0910/095910.942:INFO:CONSOLE(5)] "[img] p: https://static.mettl.com/rr-web/images/audioIntructions/audio-inst3.svg", source: https://consent.trustarc.com/v2/autoblockasset/core.min.js?cmId=hhocnm&fullURL=https://tests.mettl.com/v2 (5)
[0910/095910.945:INFO:CONSOLE(5)] "[img] h: https://static.mettl.com/rr-web/images/audioIntructions/audio-inst1.svg", source: https://consent.trustarc.com/v2/autoblockasset/core.min.js?cmId=hhocnm&fullURL=https://tests.mettl.com/v2 (5)
[0910/095910.945:INFO:CONSOLE(5)] "[img] h: https://static.mettl.com/rr-web/images/audioIntructions/audio-inst2.svg", source: https://consent.trustarc.com/v2/autoblockasset/core.min.js?cmId=hhocnm&fullURL=https://tests.mettl.com/v2 (5)
[0910/095910.945:INFO:CONSOLE(5)] "[img] h: https://static.mettl.com/rr-web/images/audioIntructions/audio-inst3.svg", source: https://consent.trustarc.com/v2/autoblockasset/core.min.js?cmId=hhocnm&fullURL=https://tests.mettl.com/v2 (5)
[0910/095915.010:INFO:CONSOLE(5)] "[iframe] h: ", source: https://consent.trustarc.com/v2/autoblockasset/core.min.js?cmId=hhocnm&fullURL=https://tests.mettl.com/v2 (5)
[0910/095917.820:INFO:CONSOLE(5)] "[img] p: https://static.mettl.com/rr-web/images/audioIntructions/audio-inst4.svg", source: https://consent.trustarc.com/v2/autoblockasset/core.min.js?cmId=hhocnm&fullURL=https://tests.mettl.com/v2 (5)
[0910/095917.820:INFO:CONSOLE(5)] "[img] p: https://static.mettl.com/rr-web/images/audioIntructions/audio-inst5.svg", source: https://consent.trustarc.com/v2/autoblockasset/core.min.js?cmId=hhocnm&fullURL=https://tests.mettl.com/v2 (5)
[0910/095917.820:INFO:CONSOLE(5)] "[img] p: https://static.mettl.com/rr-web/images/audioIntructions/audio-inst6.svg", source: https://consent.trustarc.com/v2/autoblockasset/core.min.js?cmId=hhocnm&fullURL=https://tests.mettl.com/v2 (5)
[0910/095917.827:INFO:CONSOLE(5)] "[img] h: https://static.mettl.com/rr-web/images/audioIntructions/audio-inst4.svg", source: https://consent.trustarc.com/v2/autoblockasset/core.min.js?cmId=hhocnm&fullURL=https://tests.mettl.com/v2 (5)
[0910/095917.827:INFO:CONSOLE(5)] "[img] h: https://static.mettl.com/rr-web/images/audioIntructions/audio-inst5.svg", source: https://consent.trustarc.com/v2/autoblockasset/core.min.js?cmId=hhocnm&fullURL=https://tests.mettl.com/v2 (5)
[0910/095917.827:INFO:CONSOLE(5)] "[img] h: https://static.mettl.com/rr-web/images/audioIntructions/audio-inst6.svg", source: https://consent.trustarc.com/v2/autoblockasset/core.min.js?cmId=hhocnm&fullURL=https://tests.mettl.com/v2 (5)
[0910/095926.495:INFO:CONSOLE(5)] "[img] p: https://static.mettl.com/rr-web/images/audioIntructions/audio-inst7.svg", source: https://consent.trustarc.com/v2/autoblockasset/core.min.js?cmId=hhocnm&fullURL=https://tests.mettl.com/v2 (5)
[0910/095926.495:INFO:CONSOLE(5)] "[img] p: https://static.mettl.com/rr-web/images/audioIntructions/audio-inst8.svg", source: https://consent.trustarc.com/v2/autoblockasset/core.min.js?cmId=hhocnm&fullURL=https://tests.mettl.com/v2 (5)
[0910/095926.495:INFO:CONSOLE(5)] "[img] p: https://static.mettl.com/rr-web/images/audioIntructions/audio-inst9.svg", source: https://consent.trustarc.com/v2/autoblockasset/core.min.js?cmId=hhocnm&fullURL=https://tests.mettl.com/v2 (5)
[0910/095926.503:INFO:CONSOLE(5)] "[img] h: https://static.mettl.com/rr-web/images/audioIntructions/audio-inst7.svg", source: https://consent.trustarc.com/v2/autoblockasset/core.min.js?cmId=hhocnm&fullURL=https://tests.mettl.com/v2 (5)
[0910/095926.503:INFO:CONSOLE(5)] "[img] h: https://static.mettl.com/rr-web/images/audioIntructions/audio-inst8.svg", source: https://consent.trustarc.com/v2/autoblockasset/core.min.js?cmId=hhocnm&fullURL=https://tests.mettl.com/v2 (5)
[0910/095926.503:INFO:CONSOLE(5)] "[img] h: https://static.mettl.com/rr-web/images/audioIntructions/audio-inst9.svg", source: https://consent.trustarc.com/v2/autoblockasset/core.min.js?cmId=hhocnm&fullURL=https://tests.mettl.com/v2 (5)
[0910/100010.318:INFO:CONSOLE(2)] "Microphone is working.", source: https://static.mettl.com/rr-web/static/js/main.808b80b8.js (2)
[0910/100010.352:INFO:CONSOLE(2)] "The ScriptProcessorNode is deprecated. Use AudioWorkletNode instead. (https://bit.ly/audio-worklet)", source: https://static.mettl.com/rr-web/static/js/main.808b80b8.js (2)
[0910/100018.361:INFO:CONSOLE(5)] "[img] p: https://static.mettl.com/rr-web/images/audioQuality/speak-normal.svg", source: https://consent.trustarc.com/v2/autoblockasset/core.min.js?cmId=hhocnm&fullURL=https://tests.mettl.com/v2 (5)
[0910/100018.361:INFO:CONSOLE(5)] "[img] p: https://static.mettl.com/rr-web/images/audioQuality/audio-inst-2.svg", source: https://consent.trustarc.com/v2/autoblockasset/core.min.js?cmId=hhocnm&fullURL=https://tests.mettl.com/v2 (5)
[0910/100018.361:INFO:CONSOLE(5)] "[img] p: https://static.mettl.com/rr-web/images/audioQuality/audio-inst-3.svg", source: https://consent.trustarc.com/v2/autoblockasset/core.min.js?cmId=hhocnm&fullURL=https://tests.mettl.com/v2 (5)
[0910/100018.369:INFO:CONSOLE(5)] "[img] h: https://static.mettl.com/rr-web/images/audioQuality/speak-normal.svg", source: https://consent.trustarc.com/v2/autoblockasset/core.min.js?cmId=hhocnm&fullURL=https://tests.mettl.com/v2 (5)
[0910/100018.369:INFO:CONSOLE(5)] "[img] h: https://static.mettl.com/rr-web/images/audioQuality/audio-inst-2.svg", source: https://consent.trustarc.com/v2/autoblockasset/core.min.js?cmId=hhocnm&fullURL=https://tests.mettl.com/v2 (5)
[0910/100018.369:INFO:CONSOLE(5)] "[img] h: https://static.mettl.com/rr-web/images/audioQuality/audio-inst-3.svg", source: https://consent.trustarc.com/v2/autoblockasset/core.min.js?cmId=hhocnm&fullURL=https://tests.mettl.com/v2 (5)
[0910/100031.905:INFO:CONSOLE(2)] "Current auth request state: PENDING undefined", source: https://static.mettl.com/rr-web/static/js/main.808b80b8.js (2)
[0910/100040.289:ERROR:gpu_init.cc(537)] Passthrough is not supported, GL is disabled, ANGLE is 
[0910/100044.290:WARNING:sync_reader.cc(273)] ASR: No room in socket buffer.: The pipe is being closed. (0xE8)
