/* Safe Exam Browser, Version 1.0.0.0, Build 1.0.0.0
/* Copyright © 2022 ETH Zürich, Educational Development and Technology (LET)
/* 
/* Please visit https://www.github.com/SafeExamBrowser for more information.

# Application started at 2024-09-10 09:57:49.627
# Running on Windows 11, Microsoft Windows NT 10.0.22631.0 (x64)
# Computer 'SOWMYA-11' is a Inspiron Inspiron 15 3511 manufactured by Dell Inc.
# Runtime-ID: fe720425-01ed-4ad4-857a-7d2ab1e99f30

2024-09-10 09:57:50.004 [08] - INFO: Initiating startup procedure...
2024-09-10 09:57:50.035 [08] - INFO: Loading text data...
2024-09-10 09:57:50.050 [08] - DEBUG: [Text] System language is 'en', trying to load data...
2024-09-10 09:57:50.050 [08] - DEBUG: [Text] Data successfully loaded.
2024-09-10 09:57:50.050 [08] - INFO: Starting communication host...
2024-09-10 09:57:50.082 [04] - DEBUG: [RuntimeHost] Communication host is opening...
2024-09-10 09:57:50.113 [04] - DEBUG: [RuntimeHost] Communication host has been opened.
2024-09-10 09:57:50.113 [04] - DEBUG: [RuntimeHost] Successfully started communication host for endpoint 'net.pipe://localhost/MSB/runtime/c67d355d-93a4-47f1-9459-c819e771fa0f'.
2024-09-10 09:57:50.113 [08] - INFO: Attempting to verify application integrity...
2024-09-10 09:57:50.113 [08] - WARNING: [IntegrityModule] Integrity module is not available!
2024-09-10 09:57:50.113 [08] - WARNING: Failed to verify application integrity!
2024-09-10 09:57:50.113 [08] - INFO: Application successfully initialized.

2024-09-10 09:57:50.145 [08] - INFO: ### ------------------------------------ Session Start Procedure ------------------------------------- ###
2024-09-10 09:57:50.161 [08] - INFO: Initializing new session configuration...
2024-09-10 09:57:50.172 [08] - INFO:  -> Client-ID: 09e4973c-7e8d-467b-bc42-b01fe623d545
2024-09-10 09:57:50.172 [08] - INFO:  -> Runtime-ID: fe720425-01ed-4ad4-857a-7d2ab1e99f30
2024-09-10 09:57:50.172 [08] - INFO:  -> Session-ID: ce829d10-3e8a-4f34-8799-cd5e23917567
2024-09-10 09:57:50.172 [08] - INFO: Initializing application configuration...
2024-09-10 09:57:50.177 [08] - INFO: Found configuration file in app data directory: 'file:///C:/Users/ADMIN/AppData/Roaming/SafeExamBrowser/SebClientSettings.seb'.
2024-09-10 09:57:50.177 [08] - INFO: [ConfigurationRepository] Attempting to load 'file:///C:/Users/ADMIN/AppData/Roaming/SafeExamBrowser/SebClientSettings.seb'...
2024-09-10 09:57:50.177 [08] - DEBUG: [FileResourceLoader] Can load 'file:///C:/Users/ADMIN/AppData/Roaming/SafeExamBrowser/SebClientSettings.seb' as it is an existing file.
2024-09-10 09:57:50.177 [08] - DEBUG: [FileResourceLoader] Loading data from 'file:///C:/Users/ADMIN/AppData/Roaming/SafeExamBrowser/SebClientSettings.seb'...
2024-09-10 09:57:50.177 [08] - DEBUG: [FileResourceLoader] Created 'System.IO.FileStream' for 4.141 KB data in 'file:///C:/Users/ADMIN/AppData/Roaming/SafeExamBrowser/SebClientSettings.seb'.
2024-09-10 09:57:50.177 [08] - INFO: [ConfigurationRepository] Tried to load data from 'file:///C:/Users/ADMIN/AppData/Roaming/SafeExamBrowser/SebClientSettings.seb' using FileResourceLoader -> Result: Success.
2024-09-10 09:57:50.193 [08] - DEBUG: [BinaryParser] 'System.IO.FileStream' starting with 'pwcc' matches the Binary format.
2024-09-10 09:57:50.193 [08] - DEBUG: [GZipCompressor] Starting decompression of 'System.IO.FileStream' with 4.141 KB data...
2024-09-10 09:57:50.193 [08] - DEBUG: [GZipCompressor] Successfully decompressed 4.141 KB to 4.118 KB data.
2024-09-10 09:57:50.193 [08] - DEBUG: [BinaryParser] Attempting to parse password block with prefix 'pwcc'...
2024-09-10 09:57:50.193 [08] - DEBUG: [PasswordEncryption] Parsing encryption header...
2024-09-10 09:57:50.193 [08] - DEBUG: [PasswordEncryption] Generating keys for authentication and decryption...
2024-09-10 09:57:50.382 [08] - DEBUG: [PasswordEncryption] Generating HMACs for authentication...
2024-09-10 09:57:50.382 [08] - DEBUG: [PasswordEncryption] Decrypting data...
2024-09-10 09:57:50.382 [08] - DEBUG: [GZipCompressor] Starting decompression of 'System.IO.MemoryStream' with 4.032 KB data...
2024-09-10 09:57:50.382 [08] - DEBUG: [GZipCompressor] Successfully decompressed 4.032 KB to 66.959 KB data.
2024-09-10 09:57:50.382 [08] - DEBUG: [BinaryParser] Attempting to parse plain data block...
2024-09-10 09:57:50.382 [08] - DEBUG: [XmlParser] Found root node, starting to parse data...
2024-09-10 09:57:50.382 [08] - DEBUG: [XmlParser] Finished parsing -> Result: Success.
2024-09-10 09:57:50.382 [08] - INFO: [ConfigurationRepository] Tried to parse data from 'System.IO.FileStream' using BinaryParser -> Result: Success.
2024-09-10 09:57:50.413 [08] - INFO: The configuration was successful.
2024-09-10 09:57:50.413 [08] - INFO: Remote proctoring is disabled, skipping disclaimer.
2024-09-10 09:57:50.413 [08] - INFO: Validating remote session policy...
2024-09-10 09:57:50.426 [08] - DEBUG: [RemoteSessionDetector] System appears not to be running in a remote session.
2024-09-10 09:57:50.426 [08] - INFO: Validating virtual machine policy...
2024-09-10 09:57:50.429 [08] - DEBUG: [VirtualMachineDetector] Computer 'SOWMYA-11' appears not to be a virtual machine.
2024-09-10 09:57:50.429 [08] - INFO: Validating display configuration...
2024-09-10 09:57:50.477 [08] - INFO: [DisplayMonitor] Detected active, internal display 'DISPLAY\BOE097D\4&1147db94&0&UID8388688_0' connected via 'Internal'.
2024-09-10 09:57:50.477 [08] - INFO: [DisplayMonitor] Detected 1 active displays, 5 are allowed.
2024-09-10 09:57:50.477 [08] - INFO: Display configuration is allowed.
2024-09-10 09:57:50.477 [08] - INFO: Initializing service...
2024-09-10 09:57:50.481 [08] - DEBUG: [ServiceProxy] Trying to connect to endpoint 'net.pipe://localhost/MSB/service'...
2024-09-10 09:57:50.481 [08] - DEBUG: [ServiceProxy] Communication channel is opening...
2024-09-10 09:57:50.524 [08] - DEBUG: [ServiceProxy] Communication channel has been opened.
2024-09-10 09:57:50.542 [08] - DEBUG: [ServiceProxy] Connection was established.
2024-09-10 09:57:50.542 [08] - INFO: The service is mandatory and connected.
2024-09-10 09:57:50.542 [08] - INFO: Starting new service session...
2024-09-10 09:57:50.556 [08] - DEBUG: [ServiceProxy] Sending message 'SessionStartMessage'...
2024-09-10 09:57:50.888 [08] - DEBUG: [ServiceProxy] Received response 'SimpleResponse -> Acknowledged' for message 'SessionStartMessage'.
2024-09-10 09:57:50.903 [08] - DEBUG: [ServiceProxy] Service acknowledged session start.
2024-09-10 09:57:52.309 [08] - INFO: Successfully started new service session.
2024-09-10 09:57:52.309 [08] - INFO: Initializing kiosk mode 'CreateNewDesktop'...
2024-09-10 09:57:52.309 [08] - DEBUG: [DesktopFactory] Found desktop handle for thread with ID = 14260. Attempting to get desktop name...
2024-09-10 09:57:52.309 [08] - DEBUG: [DesktopFactory] Successfully determined current desktop 'Default' [328].
2024-09-10 09:57:52.309 [08] - INFO: Current desktop is 'Default' [328].
2024-09-10 09:57:52.309 [08] - DEBUG: [DesktopFactory] Attempting to create new desktop 'SafeExamBrowser'...
2024-09-10 09:57:52.309 [08] - DEBUG: [DesktopFactory] Successfully created desktop 'SafeExamBrowser' [1804].
2024-09-10 09:57:52.309 [08] - INFO: Created new desktop 'SafeExamBrowser' [1804].
2024-09-10 09:57:52.357 [08] - INFO: Successfully activated new desktop.
2024-09-10 09:57:52.357 [08] - INFO: [DesktopMonitor] Started monitoring desktop 'SafeExamBrowser' [1804].
2024-09-10 09:57:52.357 [08] - INFO: Starting new client process...
2024-09-10 09:57:52.357 [08] - INFO: [ProcessFactory] Attempting to start process 'C:\Program Files\Mettl\MSB\Application\SafeExamBrowser.Client.exe'...
2024-09-10 09:57:52.490 [08] - INFO: [ProcessFactory] Successfully started process 'C:\Program Files\Mettl\MSB\Application\SafeExamBrowser.Client.exe' with ID = 16448.
2024-09-10 09:57:52.490 [08] - DEBUG: [Process 'SafeExamBrowser.Client.exe' (16448)] Initialized termination event.
2024-09-10 09:57:52.490 [08] - INFO: Waiting for client to complete initialization...
2024-09-10 09:57:52.912 [12] - DEBUG: [RuntimeHost] Received connection request with authentication token 'ab199fba-311e-46cc-b9ad-66ff17c85742'.
2024-09-10 09:57:52.917 [12] - DEBUG: [RuntimeHost] Accepted connection request.
2024-09-10 09:57:52.932 [15] - DEBUG: [RuntimeHost] Received message 'SimpleMessage -> ConfigurationNeeded', sending response 'ConfigurationResponse'.
2024-09-10 09:58:02.620 [12] - DEBUG: [RuntimeHost] Received disconnection request with message 'DisconnectionMessage'.
2024-09-10 09:58:02.699 [14] - DEBUG: [Process 'SafeExamBrowser.Client.exe' (16448)] Process has terminated.
2024-09-10 09:58:02.699 [08] - ERROR: Client instance terminated unexpectedly during initialization!
2024-09-10 09:58:02.699 [08] - ERROR: Failed to start new client instance! Aborting procedure...
2024-09-10 09:58:02.709 [08] - INFO: Reverting kiosk mode 'CreateNewDesktop'...
2024-09-10 09:58:02.709 [08] - INFO: [DesktopMonitor] Stopped monitoring desktop 'SafeExamBrowser' [1804].
2024-09-10 09:58:02.728 [08] - INFO: Switched back to original desktop 'Default' [328].
2024-09-10 09:58:02.732 [08] - INFO: Closed new desktop 'SafeExamBrowser' [1804].
2024-09-10 09:58:02.735 [08] - INFO: Finalizing service...
2024-09-10 09:58:02.739 [08] - INFO: Stopping current service session...
2024-09-10 09:58:02.741 [08] - DEBUG: [ServiceProxy] Sending message 'SessionStopMessage'...
2024-09-10 09:58:02.748 [08] - DEBUG: [ServiceProxy] Received response 'SimpleResponse -> Acknowledged' for message 'SessionStopMessage'.
2024-09-10 09:58:02.748 [08] - DEBUG: [ServiceProxy] Service acknowledged session stop.
2024-09-10 09:58:03.160 [08] - INFO: Successfully stopped service session.
2024-09-10 09:58:03.160 [08] - DEBUG: [ServiceProxy] Sending message 'SimpleMessage -> UpdateSystemConfiguration'...
2024-09-10 09:58:03.180 [08] - DEBUG: [ServiceProxy] Received response 'SimpleResponse -> Acknowledged' for message 'SimpleMessage -> UpdateSystemConfiguration'.
2024-09-10 09:58:03.180 [08] - DEBUG: [ServiceProxy] Service acknowledged system configuration update.
2024-09-10 09:58:03.180 [08] - INFO: Instructed service to perform system configuration update.
2024-09-10 09:58:03.191 [08] - DEBUG: [ServiceProxy] Communication channel is closing...
2024-09-10 09:58:03.200 [08] - DEBUG: [ServiceProxy] Communication channel has been closed.
2024-09-10 09:58:03.200 [08] - DEBUG: [ServiceProxy] Disconnected from 'net.pipe://localhost/MSB/service'.
2024-09-10 09:58:03.200 [08] - INFO: Successfully disconnected from service.
2024-09-10 09:58:03.200 [08] - INFO: ### -------------------------------------- Session Start Failed -------------------------------------- ###

2024-09-10 09:58:04.828 [17] - INFO: Initiating shutdown procedure...
2024-09-10 09:58:04.828 [17] - INFO: Stopping communication host...
2024-09-10 09:58:04.832 [17] - DEBUG: [RuntimeHost] Communication host is closing...
2024-09-10 09:58:04.840 [17] - DEBUG: [RuntimeHost] Communication host has been closed.
2024-09-10 09:58:04.840 [17] - DEBUG: [RuntimeHost] Terminated communication host for endpoint 'net.pipe://localhost/MSB/runtime/c67d355d-93a4-47f1-9459-c819e771fa0f'.
2024-09-10 09:58:04.840 [17] - INFO: Application successfully finalized.

# Application terminated at 2024-09-10 09:58:04.852
